node   1  (   0,    0) (   3,    3) (   4,    7) (   2,    6) (   0,    2) (   0,    0) (  10,    0) (   0,    1) (   0,    0) (  10,    0)
          (   0,    1) (   0,    0) (  10,    0) (   0,   10) (   0,    0) (  10,    0) (   0,   10) (   0,    0) (  10,    0) (   0,   10)
          (   0,    0) (  10,    0) (   0,   10) (   0,    0) (  10,    0) (   0,   10) (   0,    0) (  10,    0) (   0,   10) (   0,    0)
          (  10,    0) (   0,   10) (   0,    0) (  10,    0) (   0,   10) (   0,    0) (  10,    0) (   0,   10) (   0,    0) (  10,    0)
          (   0,   10) (   0,    0) (  10,    0) (   0,   10) (   0,    0) (  10,    0) (   0,   10) (   0,    0) (  10,    0) (   0,   10)
          (   0,    0) (   9,    0) (   0,    9) (   0,    0) (   9,    0) (   0,   10) (   0,    0) (  10,    0) (   0,   10) (   0,    0)
          (  10,    0) (   0,   10) (   0,    0) (  10,    0) (   0,   10) (   0,    0) (   9,    0) (   0,   10) (   0,    0) (   9,    0)
          (   0,    7) (   0,    0) (   8,    0) (   0,    9) (   0,    0) (   9,    0) (   0,   10) (   0,    0) (   8,    0) (   0,    9)
          (   0,    0) (   9,    0) (   0,   10) (   0,    0) (   6,    0) (   0,    9) (   0,    0) (   8,    0) (   0,    9) (   0,    0)
          (  10,    0) (   0,    9) (   0,    0) (   9,    0) (   0,    9) (   0,    0) (  10,    0) (   0,    9) (   0,    0) (  10,    0)
          (   0,   10) (   0,    0) (   7,    0) (   0,    8) (   0,    0) (   9,    0) (   0,    9) (   0,    0) (   8,    0) (   0,    8)
          (   0,    0) (  10,    0) (   0,    6) (   0,    0) (  10,    0) (   0,    8) (   0,    0) (   9,    0) (   0,    9) (   0,    0)
          (   9,    0) (   0,    9) (   0,    0) (   9,    0) (   0,    7) (   0,    0) (   8,    0) (   0,    8) (   0,    0) (   7,    0)
          (   0,    9) (   0,    0) (   8,    0) (   0,    8) (   0,    0) (   8,    0) (   0,    7) (   0,    0) (   8,    0) (   0,    9)
          (   0,    0) (   8,    0) (   0,    7) (   0,    0) (   8,    0) (   0,    9) (   0,    0) (   8,    0) (   0,    8) (   0,    0)
          (   9,    0) (   0,    8) (   0,    0) (   6,    0) (   0,    8) (   0,    0) (   8,    0) (   0,    8) (   0,    0) (   8,    0)
          (   0,    7) (   0,    0) (   9,    0) (   0,    9) (   0,    0) (   8,    0) (   0,    8) (   0,    0) (   8,    0) (   0,    7)
          (   0,    0) (   8,    0) (   0,    8) (   0,    0) (   8,    0) (   0,    9) (   0,    0) (   9,    0) (   0,    8) (   0,    0)
          (   8,    0) (   0,    8) (   0,    0) (   8,    0) (   0,    8) (   0,    0) (   8,    0) (   0,    9) (   0,    0) (   9,    0)
          (   0,    8) (   0,    0) (   8,    0) (   0,    7) (   0,    0) (   9,    0) (   0,    9) (   0,    0) (   8,    0) (   0,    9)
          (   0,    0) (   9,    0) (   0,    9) (   0,    0) (   9,    0) (   0,    7) (   0,    0) (   7,    0) (   0,    8) (   0,    0)
          (   8,    0) (   0,    8) (   0,    0) (   8,    0) (   0,    9) (   0,    0) (   8,    0) (   0,    8) (   0,    0) (   4,    0)
          (   0,    9) (   0,    0) (   8,    0) (   0,    7) (   0,    0) (   7,    0) (   0,    9) (   0,    0) (   7,    0) (   0,    8)
          (   0,    0) (   8,    0) (   0,    9) (   0,    0) (   8,    0) (   0,    8) (   0,    0) (   9,    0) (   0,    8) (   0,    0)
          (   8,    0) (   0,    8) (   0,    0) (   7,    0) (   0,    7) (   0,    0) (   5,    0) (   0,    8) (   0,    0) (   7,    0)
          (   0,    7) (   0,    0) (   7,    0) (   0,    6) (   0,    0) (   9,    0) (   0,    8) (   0,    0) (   9,    0) (   0,    8)
          (   0,    0) (   7,    0) (   0,    7) (   0,    0) (   9,    0) (   0,    9) (   0,    0) (   8,    0) (   0,    9) (   0,    0)
          (   7,    0) (   0,    8) (   0,    0) (   9,    0) (   0,    6) (   0,    0) (   8,    0) (   0,    9) (   0,    0) (   7,    0)
          (   0,    7) (   0,    0) (   9,    0) (   0,    8) (   0,    0) (   7,    0) (   0,    9) (   0,    0) (   8,    0) (   0,    8)
          (   0,    0) (   8,    0) (   0,    7) (   0,    0) (   8,    0) (   0,    9) (   0,    0) (   9,    0) (   0,    7) (   0,    0)
          (   8,    0) (   0,    9) (   0,    0) (   9,    0) (   0,    9) (   0,    0) (   9,    0) (   0,    9) (   0,    0) (   9,    0)
          (   0,    9) (   0,    0) (   9,    0) (   0,    9) (   0,    0) (   9,    0) (   0,    9) (   0,    0) (   9,    0) (   0,    9)
          (   0,    0) (   9,    0) (   0,    9) (   0,    0) (   9,    0) (   0,    9) (   0,    0) (   9,    0) (   0,    9) (   0,    0)
          (   9,    0) (   0,    9) (   0,    0) (   9,    0) (   0,    9) (   0,    0) (   9,    0) (   0,    9) (   0,    0) (   9,    0)
          (   0,    9) (   0,    0) (   9,    0) (   0,    9) (   0,    0) (   9,    0) (   0,    9) (   0,    0) (   9,    0) (   0,    9)
          (   0,    0) (   9,    0) (   0,    9) (   0,    0) (   9,    0) (   0,    9) (   0,    0) (   9,    0) (   0,    9) (   0,    0)
          (   9,    0) (   0,    9) (   0,    0) (   9,    0) (   0,    9) (   0,    0) (   9,    0) (   0,    9) (   0,    0) (   9,    0)
          (   0,    9) (   0,    0) (   9,    0) (   0,    9) (   0,    0) (   9,    0) (   0,    9) (   0,    0) (   9,    0) (   0,    9)
          (   0,    0) (   9,    0) (   0,    9) (   0,    0) (   9,    0) (   0,    9) (   0,    0) (   9,    0) (   0,    9) (   0,    0)
          (   9,    0) (   0,    9) (   0,    0) (   9,    0) (   0,    9) (   0,    0) (   9,    0) (   0,    9) (   0,    0) (   9,    0)
          (   0,    9) (   0,    0) (   9,    0) (   0,    9) (   0,    0) (   9,    0) (   0,    9) (   0,    0) (   9,    0) (   0,    9)
          (   0,    0) (   9,    0) (   0,    9) (   0,    0) (   9,    0) (   0,    9) (   0,    0) (   9,    0) (   0,    9) (   0,    0)
          (   9,    0) (   0,    9) (   0,    0) (   9,    0) (   0,    9) (   0,    0) (   9,    0) (   0,    9) (   0,    0) (   9,    0)
          (   0,    9) (   0,    0) (   9,    0) (   0,    9) (   0,    0) (   9,    0) (   0,    9) (   0,    0) (   9,    0) (   0,    9)
          (   0,    0) (   9,    0) (   0,    9) (   0,    0) (   9,    0) (   0,    9) (   0,    0) (   9,    0) (   0,    9) (   0,    0)
          (   9,    0) (   0,    9) (   0,    0) (   9,    0) (   0,    9) (   0,    0) (   9,    0) (   0,    9) (   0,    0) (   9,    0)
          (   0,    9) (   0,    0) (   9,    0) (   0,    9) (   0,    0) (   9,    0) (   0,    9) (   0,    0) (   9,    0) (   0,    9)
          (   0,    0) (   9,    0) (   0,    9) (   0,    0) (   9,    0) (   0,    9) (   0,    0) (   9,    0) (   0,    9) (   0,    0)
          (   9,    0) (   0,    9) (   0,    0) (   9,    0) (   0,    9) (   0,    0) (   9,    0) (   0,    9) (   0,    0) (   9,    0)
          (   0,    9) (   0,    0) (   9,    0) (   0,    9) (   0,    0) (   9,    0) (   0,    9) (   0,    0) (   9,    0) (   0,    9)
          (   0,    0) (   9,    0) (   0,    9) (   0,    0) (   9,    0) (   0,    9) (   0,    0) (   9,    0) (   0,    9) (   0,    0)
          (   9,    0) (   0,    9) (   0,    0) (   9,    0) (   0,    9) (   0,    0) (   9,    0) (   0,    9) (   0,    0) (   9,    0)
          (   0,    9) (   0,    0) (   9,    0) (   0,    9) (   0,    0) (   9,    0) (   0,    9) (   0,    0) (   9,    0) (   0,    9)
          (   0,    0) (   9,    0) (   0,    9) (   0,    0) (   9,    0) (   0,    9) (   0,    0) (   9,    0) (   0,    9) (   0,    0)
          (   9,    0) (   0,    9) (   0,    0) (   9,    0) (   0,    9) (   0,    0) (   9,    0) (   0,    9) (   0,    0) (   9,    0)
          (   0,    9) (   0,    0) (   9,    0) (   0,    9) (   0,    0) (   9,    0) (   0,    9) (   0,    0) (   9,    0) (   0,    9)
          (   0,    0) (   9,    0) (   0,    9) (   0,    0) (   9,    0) (   0,    9) (   0,    0) (   9,    0) (   0,    9) (   0,    0)
          (   9,    0) (   0,    9) (   0,    0) (   9,    0) (   0,    9) (   0,    0) (   9,    0) (   0,    9) (   0,    0) (   9,    0)
          (   0,    9) (   0,    0) (   9,    0) (   0,    9) (   0,    0) (   9,    0) (   0,    9) (   0,    0) (   9,    0) (   0,    9)
          (   0,    0) (   9,    0) (   0,    9) (   0,    0) (   9,    0) (   0,    9) (   0,    0) (   9,    0) (   0,    9) (   0,    0)
          (   9,    0) (   0,    9) (   0,    0) (   9,    0) (   0,    9) (   0,    0) (   9,    0) (   0,    9) (   0,    0) (   9,    0)
          (   0,    9) (   0,    0) (   9,    0) (   0,    9) (   0,    0) (   9,    0) (   0,    9) (   0,    0) (   9,    0) (   0,    9)
          (   0,    0) (   9,    0) (   0,    9) (   0,    0) (   9,    0) (   0,    9) (   0,    0) (   9,    0) (   0,    9) (   0,    0)
          (   9,    0) (   0,    9) (   0,    0) (   9,    0) (   0,    9) (   0,    0) (   9,    0) (   0,    9) (   0,    0) (   9,    0)
          (   0,    9) (   0,    0) (   9,    0) (   0,    9) (   0,    0) (   9,    0) (   0,    9) (   0,    0) (   9,    0) (   0,    9)
          (   0,    0) (   9,    0) (   0,    9) (   0,    0) (   9,    0) (   0,    9) (   0,    0) (   9,    0) (   0,    9) (   0,    0)
          (   9,    0) (   0,    9) (   0,    0) (   9,    0) (   0,    9) (   0,    0) (   9,    0) (   0,    9) (   0,    0) (   9,    0)
          (   0,    9) (   0,    0) (   9,    0) (   0,    9) (   0,    0) (   9,    0) (   0,    9) (   0,    0) (   9,    0) (   0,    9)
          (   0,    0) (   9,    0) (   0,    9) (   0,    0) (   9,    0) (   0,    9) (   0,    0) (   9,    0) (   0,    9) (   0,    0)
          (   9,    0) (   0,    9) (   0,    0) (   9,    0) (   0,    9) (   0,    0) (   9,    0) (   0,    9) (   0,    0) (   9,    0)
         
node   1 sent_total   2046  recv_total   2035

node   2  (   1,    0) (   0,    0) (   0,    0) (   0,    0) (   0,    0) (   0,    0) (   0,    0) (   0,    1) (   0,    0) (   0,    0)
          (   0,    1) (   0,    0) (  10,    0) (   0,   10) (   0,    0) (  10,    0) (   0,   10) (   0,    0) (  10,    0) (   0,   10)
          (   0,    0) (  10,    0) (   0,   10) (   0,    0) (  10,    0) (   0,   10) (   0,    0) (  10,    0) (   0,   10) (   0,    0)
          (  10,    0) (   0,   10) (   0,    0) (  10,    0) (   0,   10) (   0,    0) (  10,    0) (   0,   10) (   0,    0) (  10,    0)
          (   0,   10) (   0,    0) (  10,    0) (   0,   10) (   0,    0) (  10,    0) (   0,   10) (   0,    0) (  10,    0) (   0,   10)
          (   0,    0) (   9,    0) (   0,    9) (   0,    0) (   9,    0) (   0,    6) (   0,    0) (   9,    0) (   0,    9) (   0,    0)
          (   9,    0) (   0,    9) (   0,    0) (  10,    0) (   0,   10) (   0,    0) (   9,    0) (   0,    8) (   0,    0) (  10,    0)
          (   0,   10) (   0,    0) (   8,    0) (   0,    9) (   0,    0) (   9,    0) (   0,    8) (   0,    0) (   9,    0) (   0,    9)
          (   0,    0) (  10,    0) (   0,   10) (   0,    0) (  10,    0) (   0,   10) (   0,    0) (   9,    0) (   0,   10) (   0,    0)
          (  10,    0) (   0,   10) (   0,    0) (  10,    0) (   0,    9) (   0,    0) (  10,    0) (   0,   10) (   0,    0) (  10,    0)
          (   0,    9) (   0,    0) (   9,    0) (   0,    7) (   0,    0) (   7,    0) (   0,    7) (   0,    0) (   9,    0) (   0,    9)
          (   0,    0) (   8,    0) (   0,    7) (   0,    0) (  10,    0) (   0,    9) (   0,    0) (   9,    0) (   0,    9) (   0,    0)
          (   9,    0) (   0,    7) (   0,    0) (   8,    0) (   0,    9) (   0,    0) (   9,    0) (   0,    7) (   0,    0) (   9,    0)
          (   0,    8) (   0,    0) (   8,    0) (   0,    8) (   0,    0) (   9,    0) (   0,    9) (   0,    0) (   9,    0) (   0,    8)
          (   0,    0) (   6,    0) (   0,    7) (   0,    0) (   8,    0) (   0,    8) (   0,    0) (   9,    0) (   0,    9) (   0,    0)
          (   9,    0) (   0,    8) (   0,    0) (   9,    0) (   0,    8) (   0,    0) (   9,    0) (   0,    9) (   0,    0) (   8,    0)
          (   0,    8) (   0,    0) (   9,    0) (   0,    9) (   0,    0) (   8,    0) (   0,    8) (   0,    0) (   5,    0) (   0,    8)
          (   0,    0) (   9,    0) (   0,    9) (   0,    0) (   9,    0) (   0,    7) (   0,    0) (   8,    0) (   0,    9) (   0,    0)
          (   9,    0) (   0,    8) (   0,    0) (   9,    0) (   0,    9) (   0,    0) (   9,    0) (   0,    9) (   0,    0) (   8,    0)
          (   0,    8) (   0,    0) (   8,    0) (   0,    8) (   0,    0) (   7,    0) (   0,    9) (   0,    0) (   8,    0) (   0,    8)
          (   0,    0) (   9,    0) (   0,    7) (   0,    0) (   8,    0) (   0,    9) (   0,    0) (   7,    0) (   0,    9) (   0,    0)
          (   7,    0) (   0,    8) (   0,    0) (   9,    0) (   0,    7) (   0,    0) (   7,    0) (   0,    8) (   0,    0) (   8,    0)
          (   0,    8) (   0,    0) (   7,    0) (   0,    9) (   0,    0) (   8,    0) (   0,    7) (   0,    0) (   9,    0) (   0,    9)
          (   0,    0) (   8,    0) (   0,    5) (   0,    0) (   9,    0) (   0,    9) (   0,    0) (   9,    0) (   0,    9) (   0,    0)
          (   7,    0) (   0,    9) (   0,    0) (   6,    0) (   0,    7) (   0,    0) (   9,    0) (   0,    9) (   0,    0) (   6,    0)
          (   0,    8) (   0,    0) (   7,    0) (   0,    9) (   0,    0) (   9,    0) (   0,    8) (   0,    0) (   8,    0) (   0,    9)
          (   0,    0) (   7,    0) (   0,    6) (   0,    0) (   8,    0) (   0,    8) (   0,    0) (   8,    0) (   0,    8) (   0,    0)
          (   9,    0) (   0,    8) (   0,    0) (   9,    0) (   0,    7) (   0,    0) (   7,    0) (   0,    8) (   0,    0) (   8,    0)
          (   0,    8) (   0,    0) (   9,    0) (   0,    6) (   0,    0) (   7,    0) (   0,    7) (   0,    0) (   9,    0) (   0,    7)
          (   0,    0) (   8,    0) (   0,    7) (   0,    0) (   9,    0) (   0,    8) (   0,    0) (   9,    0) (   0,    9) (   0,    0)
          (   8,    0) (   0,    7) (   0,    0) (   9,    0) (   0,    9) (   0,    0) (   9,    0) (   0,    9) (   0,    0) (   9,    0)
          (   0,    9) (   0,    0) (   9,    0) (   0,    9) (   0,    0) (   9,    0) (   0,    9) (   0,    0) (   9,    0) (   0,    9)
          (   0,    0) (   9,    0) (   0,    9) (   0,    0) (   9,    0) (   0,    9) (   0,    0) (   9,    0) (   0,    9) (   0,    0)
          (   9,    0) (   0,    9) (   0,    0) (   9,    0) (   0,    9) (   0,    0) (   9,    0) (   0,    9) (   0,    0) (   9,    0)
          (   0,    9) (   0,    0) (   9,    0) (   0,    9) (   0,    0) (   9,    0) (   0,    9) (   0,    0) (   9,    0) (   0,    9)
          (   0,    0) (   9,    0) (   0,    9) (   0,    0) (   9,    0) (   0,    9) (   0,    0) (   9,    0) (   0,    9) (   0,    0)
          (   9,    0) (   0,    9) (   0,    0) (   9,    0) (   0,    9) (   0,    0) (   9,    0) (   0,    9) (   0,    0) (   9,    0)
          (   0,    9) (   0,    0) (   9,    0) (   0,    9) (   0,    0) (   9,    0) (   0,    9) (   0,    0) (   9,    0) (   0,    9)
          (   0,    0) (   9,    0) (   0,    9) (   0,    0) (   9,    0) (   0,    9) (   0,    0) (   9,    0) (   0,    9) (   0,    0)
          (   9,    0) (   0,    9) (   0,    0) (   9,    0) (   0,    9) (   0,    0) (   9,    0) (   0,    9) (   0,    0) (   9,    0)
          (   0,    9) (   0,    0) (   9,    0) (   0,    9) (   0,    0) (   9,    0) (   0,    9) (   0,    0) (   9,    0) (   0,    9)
          (   0,    0) (   9,    0) (   0,    9) (   0,    0) (   9,    0) (   0,    9) (   0,    0) (   9,    0) (   0,    9) (   0,    0)
          (   9,    0) (   0,    9) (   0,    0) (   9,    0) (   0,    9) (   0,    0) (   9,    0) (   0,    9) (   0,    0) (   9,    0)
          (   0,    9) (   0,    0) (   9,    0) (   0,    9) (   0,    0) (   9,    0) (   0,    9) (   0,    0) (   9,    0) (   0,    9)
          (   0,    0) (   9,    0) (   0,    9) (   0,    0) (   9,    0) (   0,    9) (   0,    0) (   9,    0) (   0,    9) (   0,    0)
          (   9,    0) (   0,    9) (   0,    0) (   9,    0) (   0,    9) (   0,    0) (   9,    0) (   0,    9) (   0,    0) (   9,    0)
          (   0,    9) (   0,    0) (   9,    0) (   0,    9) (   0,    0) (   9,    0) (   0,    9) (   0,    0) (   9,    0) (   0,    9)
          (   0,    0) (   9,    0) (   0,    9) (   0,    0) (   9,    0) (   0,    9) (   0,    0) (   9,    0) (   0,    9) (   0,    0)
          (   9,    0) (   0,    9) (   0,    0) (   9,    0) (   0,    9) (   0,    0) (   9,    0) (   0,    9) (   0,    0) (   9,    0)
          (   0,    9) (   0,    0) (   9,    0) (   0,    9) (   0,    0) (   9,    0) (   0,    9) (   0,    0) (   9,    0) (   0,    9)
          (   0,    0) (   9,    0) (   0,    9) (   0,    0) (   9,    0) (   0,    9) (   0,    0) (   9,    0) (   0,    9) (   0,    0)
          (   9,    0) (   0,    9) (   0,    0) (   9,    0) (   0,    9) (   0,    0) (   9,    0) (   0,    9) (   0,    0) (   9,    0)
          (   0,    9) (   0,    0) (   9,    0) (   0,    9) (   0,    0) (   9,    0) (   0,    9) (   0,    0) (   9,    0) (   0,    9)
          (   0,    0) (   9,    0) (   0,    9) (   0,    0) (   9,    0) (   0,    9) (   0,    0) (   9,    0) (   0,    9) (   0,    0)
          (   9,    0) (   0,    9) (   0,    0) (   9,    0) (   0,    9) (   0,    0) (   9,    0) (   0,    9) (   0,    0) (   9,    0)
          (   0,    9) (   0,    0) (   9,    0) (   0,    9) (   0,    0) (   9,    0) (   0,    9) (   0,    0) (   9,    0) (   0,    9)
          (   0,    0) (   9,    0) (   0,    9) (   0,    0) (   9,    0) (   0,    9) (   0,    0) (   9,    0) (   0,    9) (   0,    0)
          (   9,    0) (   0,    9) (   0,    0) (   9,    0) (   0,    9) (   0,    0) (   9,    0) (   0,    9) (   0,    0) (   9,    0)
          (   0,    9) (   0,    0) (   9,    0) (   0,    9) (   0,    0) (   9,    0) (   0,    9) (   0,    0) (   9,    0) (   0,    9)
          (   0,    0) (   9,    0) (   0,    9) (   0,    0) (   9,    0) (   0,    9) (   0,    0) (   9,    0) (   0,    9) (   0,    0)
          (   9,    0) (   0,    9) (   0,    0) (   9,    0) (   0,    9) (   0,    0) (   9,    0) (   0,    9) (   0,    0) (   9,    0)
          (   0,    9) (   0,    0) (   9,    0) (   0,    9) (   0,    0) (   9,    0) (   0,    9) (   0,    0) (   9,    0) (   0,    9)
          (   0,    0) (   9,    0) (   0,    9) (   0,    0) (   9,    0) (   0,    9) (   0,    0) (   9,    0) (   0,    9) (   0,    0)
          (   9,    0) (   0,    9) (   0,    0) (   9,    0) (   0,    9) (   0,    0) (   9,    0) (   0,    9) (   0,    0) (   9,    0)
          (   0,    9) (   0,    0) (   9,    0) (   0,    9) (   0,    0) (   9,    0) (   0,    9) (   0,    0) (   9,    0) (   0,    9)
          (   0,    0) (   9,    0) (   0,    9) (   0,    0) (   9,    0) (   0,    9) (   0,    0) (   9,    0) (   0,    9) (   0,    0)
          (   9,    0) (   0,    9) (   0,    0) (   9,    0) (   0,    9) (   0,    0) (   9,    0) (   0,    9) (   0,    0) (   9,    0)
          (   0,    9) (   0,    0) (   9,    0) (   0,    9) (   0,    0) (   9,    0) (   0,    9) (   0,    0) (   9,    0) (   0,    9)
          (   0,    0) (   9,    0) (   0,    9) (   0,    0) (   9,    0) (   0,    9) (   0,    0) (   9,    0) (   0,    9) (   0,    0)
          (   9,    0) (   0,    9) (   0,    0) (   9,    0) (   0,    9) (   0,    0) (   9,    0) (   0,    9) (   0,    0) (   9,    0)
         
node   2 sent_total   2037  recv_total   2012

node   3  (   1,    0) (   0,    0) (   0,    0) (   0,    0) (   0,    0) (   0,    0) (   0,    0) (   0,    1) (   0,    0) (   0,    0)
          (   0,    1) (   0,    0) (  10,    0) (   0,   10) (   0,    0) (  10,    0) (   0,   10) (   0,    0) (  10,    0) (   0,   10)
          (   0,    0) (  10,    0) (   0,   10) (   0,    0) (  10,    0) (   0,   10) (   0,    0) (  10,    0) (   0,   10) (   0,    0)
          (  10,    0) (   0,   10) (   0,    0) (  10,    0) (   0,   10) (   0,    0) (  10,    0) (   0,   10) (   0,    0) (  10,    0)
          (   0,   10) (   0,    0) (  10,    0) (   0,   10) (   0,    0) (  10,    0) (   0,   10) (   0,    0) (  10,    0) (   0,   10)
          (   0,    0) (   9,    0) (   0,   10) (   0,    0) (   9,    0) (   0,   10) (   0,    0) (   9,    0) (   0,   10) (   0,    0)
          (   9,    0) (   0,   10) (   0,    0) (   9,    0) (   0,    9) (   0,    0) (  10,    0) (   0,   10) (   0,    0) (   9,    0)
          (   0,   10) (   0,    0) (   8,    0) (   0,    8) (   0,    0) (   9,    0) (   0,    7) (   0,    0) (   7,    0) (   0,    9)
          (   0,    0) (   9,    0) (   0,    9) (   0,    0) (  10,    0) (   0,   10) (   0,    0) (  10,    0) (   0,    7) (   0,    0)
          (   9,    0) (   0,    9) (   0,    0) (   9,    0) (   0,   10) (   0,    0) (   9,    0) (   0,    8) (   0,    0) (  10,    0)
          (   0,   10) (   0,    0) (  10,    0) (   0,    8) (   0,    0) (  10,    0) (   0,    9) (   0,    0) (   9,    0) (   0,    7)
          (   0,    0) (   9,    0) (   0,    9) (   0,    0) (   8,    0) (   0,    9) (   0,    0) (  10,    0) (   0,    7) (   0,    0)
          (   8,    0) (   0,    9) (   0,    0) (   9,    0) (   0,    8) (   0,    0) (   9,    0) (   0,    9) (   0,    0) (   9,    0)
          (   0,    8) (   0,    0) (   9,    0) (   0,    9) (   0,    0) (   9,    0) (   0,    9) (   0,    0) (   8,    0) (   0,    7)
          (   0,    0) (   9,    0) (   0,    9) (   0,    0) (   8,    0) (   0,    7) (   0,    0) (   9,    0) (   0,    8) (   0,    0)
          (   9,    0) (   0,    8) (   0,    0) (   8,    0) (   0,    8) (   0,    0) (   8,    0) (   0,    9) (   0,    0) (   9,    0)
          (   0,    7) (   0,    0) (   8,    0) (   0,    8) (   0,    0) (   9,    0) (   0,    9) (   0,    0) (   9,    0) (   0,    6)
          (   0,    0) (   7,    0) (   0,    8) (   0,    0) (   9,    0) (   0,    8) (   0,    0) (   7,    0) (   0,    9) (   0,    0)
          (   9,    0) (   0,    9) (   0,    0) (   9,    0) (   0,    8) (   0,    0) (   9,    0) (   0,    9) (   0,    0) (   9,    0)
          (   0,    9) (   0,    0) (   8,    0) (   0,    6) (   0,    0) (   7,    0) (   0,    7) (   0,    0) (   8,    0) (   0,    7)
          (   0,    0) (   6,    0) (   0,    8) (   0,    0) (   9,    0) (   0,    8) (   0,    0) (   8,    0) (   0,    7) (   0,    0)
          (   9,    0) (   0,    6) (   0,    0) (   8,    0) (   0,    8) (   0,    0) (   7,    0) (   0,    9) (   0,    0) (   7,    0)
          (   0,    5) (   0,    0) (   9,    0) (   0,    8) (   0,    0) (   8,    0) (   0,    9) (   0,    0) (   8,    0) (   0,    9)
          (   0,    0) (   7,    0) (   0,    9) (   0,    0) (   9,    0) (   0,    9) (   0,    0) (   9,    0) (   0,    8) (   0,    0)
          (   9,    0) (   0,    7) (   0,    0) (   8,    0) (   0,    7) (   0,    0) (   6,    0) (   0,    7) (   0,    0) (   8,    0)
          (   0,    9) (   0,    0) (   8,    0) (   0,    6) (   0,    0) (   8,    0) (   0,    9) (   0,    0) (   9,    0) (   0,    9)
          (   0,    0) (   8,    0) (   0,    8) (   0,    0) (   8,    0) (   0,    8) (   0,    0) (   9,    0) (   0,    9) (   0,    0)
          (   7,    0) (   0,    9) (   0,    0) (   6,    0) (   0,    7) (   0,    0) (   9,    0) (   0,    9) (   0,    0) (   9,    0)
          (   0,    8) (   0,    0) (   8,    0) (   0,    8) (   0,    0) (   9,    0) (   0,    8) (   0,    0) (   8,    0) (   0,    7)
          (   0,    0) (   8,    0) (   0,    7) (   0,    0) (   8,    0) (   0,    8) (   0,    0) (   7,    0) (   0,    8) (   0,    0)
          (   8,    0) (   0,    8) (   0,    0) (   9,    0) (   0,    9) (   0,    0) (   9,    0) (   0,    9) (   0,    0) (   9,    0)
          (   0,    9) (   0,    0) (   9,    0) (   0,    9) (   0,    0) (   9,    0) (   0,    9) (   0,    0) (   9,    0) (   0,    9)
          (   0,    0) (   9,    0) (   0,    9) (   0,    0) (   9,    0) (   0,    9) (   0,    0) (   9,    0) (   0,    9) (   0,    0)
          (   9,    0) (   0,    9) (   0,    0) (   9,    0) (   0,    9) (   0,    0) (   9,    0) (   0,    9) (   0,    0) (   9,    0)
          (   0,    9) (   0,    0) (   9,    0) (   0,    9) (   0,    0) (   9,    0) (   0,    9) (   0,    0) (   9,    0) (   0,    9)
          (   0,    0) (   9,    0) (   0,    9) (   0,    0) (   9,    0) (   0,    9) (   0,    0) (   9,    0) (   0,    9) (   0,    0)
          (   9,    0) (   0,    9) (   0,    0) (   9,    0) (   0,    9) (   0,    0) (   9,    0) (   0,    9) (   0,    0) (   9,    0)
          (   0,    9) (   0,    0) (   9,    0) (   0,    9) (   0,    0) (   9,    0) (   0,    9) (   0,    0) (   9,    0) (   0,    9)
          (   0,    0) (   9,    0) (   0,    9) (   0,    0) (   9,    0) (   0,    9) (   0,    0) (   9,    0) (   0,    9) (   0,    0)
          (   9,    0) (   0,    9) (   0,    0) (   9,    0) (   0,    9) (   0,    0) (   9,    0) (   0,    9) (   0,    0) (   9,    0)
          (   0,    9) (   0,    0) (   9,    0) (   0,    9) (   0,    0) (   9,    0) (   0,    9) (   0,    0) (   9,    0) (   0,    9)
          (   0,    0) (   9,    0) (   0,    9) (   0,    0) (   9,    0) (   0,    9) (   0,    0) (   9,    0) (   0,    9) (   0,    0)
          (   9,    0) (   0,    9) (   0,    0) (   9,    0) (   0,    9) (   0,    0) (   9,    0) (   0,    9) (   0,    0) (   9,    0)
          (   0,    9) (   0,    0) (   9,    0) (   0,    9) (   0,    0) (   9,    0) (   0,    9) (   0,    0) (   9,    0) (   0,    9)
          (   0,    0) (   9,    0) (   0,    9) (   0,    0) (   9,    0) (   0,    9) (   0,    0) (   9,    0) (   0,    9) (   0,    0)
          (   9,    0) (   0,    9) (   0,    0) (   9,    0) (   0,    9) (   0,    0) (   9,    0) (   0,    9) (   0,    0) (   9,    0)
          (   0,    9) (   0,    0) (   9,    0) (   0,    9) (   0,    0) (   9,    0) (   0,    9) (   0,    0) (   9,    0) (   0,    9)
          (   0,    0) (   9,    0) (   0,    9) (   0,    0) (   9,    0) (   0,    9) (   0,    0) (   9,    0) (   0,    9) (   0,    0)
          (   9,    0) (   0,    9) (   0,    0) (   9,    0) (   0,    9) (   0,    0) (   9,    0) (   0,    9) (   0,    0) (   9,    0)
          (   0,    9) (   0,    0) (   9,    0) (   0,    9) (   0,    0) (   9,    0) (   0,    9) (   0,    0) (   9,    0) (   0,    9)
          (   0,    0) (   9,    0) (   0,    9) (   0,    0) (   9,    0) (   0,    9) (   0,    0) (   9,    0) (   0,    9) (   0,    0)
          (   9,    0) (   0,    9) (   0,    0) (   9,    0) (   0,    9) (   0,    0) (   9,    0) (   0,    9) (   0,    0) (   9,    0)
          (   0,    9) (   0,    0) (   9,    0) (   0,    9) (   0,    0) (   9,    0) (   0,    9) (   0,    0) (   9,    0) (   0,    9)
          (   0,    0) (   9,    0) (   0,    9) (   0,    0) (   9,    0) (   0,    9) (   0,    0) (   9,    0) (   0,    9) (   0,    0)
          (   9,    0) (   0,    9) (   0,    0) (   9,    0) (   0,    9) (   0,    0) (   9,    0) (   0,    9) (   0,    0) (   9,    0)
          (   0,    9) (   0,    0) (   9,    0) (   0,    9) (   0,    0) (   9,    0) (   0,    9) (   0,    0) (   9,    0) (   0,    9)
          (   0,    0) (   9,    0) (   0,    9) (   0,    0) (   9,    0) (   0,    9) (   0,    0) (   9,    0) (   0,    9) (   0,    0)
          (   9,    0) (   0,    9) (   0,    0) (   9,    0) (   0,    9) (   0,    0) (   9,    0) (   0,    9) (   0,    0) (   9,    0)
          (   0,    9) (   0,    0) (   9,    0) (   0,    9) (   0,    0) (   9,    0) (   0,    9) (   0,    0) (   9,    0) (   0,    9)
          (   0,    0) (   9,    0) (   0,    9) (   0,    0) (   9,    0) (   0,    9) (   0,    0) (   9,    0) (   0,    9) (   0,    0)
          (   9,    0) (   0,    9) (   0,    0) (   9,    0) (   0,    9) (   0,    0) (   9,    0) (   0,    9) (   0,    0) (   9,    0)
          (   0,    9) (   0,    0) (   9,    0) (   0,    9) (   0,    0) (   9,    0) (   0,    9) (   0,    0) (   9,    0) (   0,    9)
          (   0,    0) (   9,    0) (   0,    9) (   0,    0) (   9,    0) (   0,    9) (   0,    0) (   9,    0) (   0,    9) (   0,    0)
          (   9,    0) (   0,    9) (   0,    0) (   9,    0) (   0,    9) (   0,    0) (   9,    0) (   0,    9) (   0,    0) (   9,    0)
          (   0,    9) (   0,    0) (   9,    0) (   0,    9) (   0,    0) (   9,    0) (   0,    9) (   0,    0) (   9,    0) (   0,    9)
          (   0,    0) (   9,    0) (   0,    9) (   0,    0) (   9,    0) (   0,    9) (   0,    0) (   9,    0) (   0,    9) (   0,    0)
          (   9,    0) (   0,    9) (   0,    0) (   9,    0) (   0,    9) (   0,    0) (   9,    0) (   0,    9) (   0,    0) (   9,    0)
          (   0,    9) (   0,    0) (   9,    0) (   0,    9) (   0,    0) (   9,    0) (   0,    9) (   0,    0) (   9,    0) (   0,    9)
          (   0,    0) (   9,    0) (   0,    9) (   0,    0) (   9,    0) (   0,    9) (   0,    0) (   9,    0) (   0,    9) (   0,    0)
          (   9,    0) (   0,    9) (   0,    0) (   9,    0) (   0,    9) (   0,    0) (   9,    0) (   0,    9) (   0,    0) (   9,    0)
         
node   3 sent_total   2039  recv_total   2012

node   4  (   1,    0) (   0,    0) (   0,    0) (   0,    0) (   0,    0) (   0,    0) (   0,    0) (   0,    1) (   0,    0) (   0,    0)
          (   0,    1) (   0,    0) (  10,    0) (   0,   10) (   0,    0) (  10,    0) (   0,   10) (   0,    0) (  10,    0) (   0,   10)
          (   0,    0) (  10,    0) (   0,   10) (   0,    0) (  10,    0) (   0,   10) (   0,    0) (  10,    0) (   0,   10) (   0,    0)
          (  10,    0) (   0,   10) (   0,    0) (  10,    0) (   0,   10) (   0,    0) (  10,    0) (   0,   10) (   0,    0) (  10,    0)
          (   0,   10) (   0,    0) (  10,    0) (   0,   10) (   0,    0) (  10,    0) (   0,   10) (   0,    0) (  10,    0) (   0,   10)
          (   0,    0) (   9,    0) (   0,    9) (   0,    0) (   9,    0) (   0,    8) (   0,    0) (  10,    0) (   0,    9) (   0,    0)
          (  10,    0) (   0,   10) (   0,    0) (  10,    0) (   0,   10) (   0,    0) (   9,    0) (   0,    9) (   0,    0) (   9,    0)
          (   0,    7) (   0,    0) (  10,    0) (   0,   10) (   0,    0) (  10,    0) (   0,    9) (   0,    0) (   8,    0) (   0,    9)
          (   0,    0) (  10,    0) (   0,    9) (   0,    0) (   9,    0) (   0,    9) (   0,    0) (   9,    0) (   0,   10) (   0,    0)
          (   9,    0) (   0,    9) (   0,    0) (  10,    0) (   0,    9) (   0,    0) (   7,    0) (   0,   10) (   0,    0) (  10,    0)
          (   0,    9) (   0,    0) (   9,    0) (   0,    9) (   0,    0) (   9,    0) (   0,    9) (   0,    0) (  10,    0) (   0,    8)
          (   0,    0) (   9,    0) (   0,    9) (   0,    0) (   9,    0) (   0,    8) (   0,    0) (   8,    0) (   0,    9) (   0,    0)
          (   9,    0) (   0,    9) (   0,    0) (   9,    0) (   0,    7) (   0,    0) (   8,    0) (   0,    9) (   0,    0) (   9,    0)
          (   0,    9) (   0,    0) (   9,    0) (   0,    9) (   0,    0) (   8,    0) (   0,    8) (   0,    0) (   9,    0) (   0,    8)
          (   0,    0) (   8,    0) (   0,    7) (   0,    0) (   8,    0) (   0,    9) (   0,    0) (   8,    0) (   0,    8) (   0,    0)
          (   8,    0) (   0,    8) (   0,    0) (   9,    0) (   0,    7) (   0,    0) (   7,    0) (   0,    8) (   0,    0) (   6,    0)
          (   0,    7) (   0,    0) (   9,    0) (   0,    8) (   0,    0) (   8,    0) (   0,    8) (   0,    0) (   9,    0) (   0,    7)
          (   0,    0) (   9,    0) (   0,    9) (   0,    0) (   8,    0) (   0,    8) (   0,    0) (   7,    0) (   0,    9) (   0,    0)
          (   9,    0) (   0,    8) (   0,    0) (   9,    0) (   0,    8) (   0,    0) (   9,    0) (   0,    9) (   0,    0) (   8,    0)
          (   0,    7) (   0,    0) (   9,    0) (   0,    8) (   0,    0) (   6,    0) (   0,    8) (   0,    0) (   9,    0) (   0,    6)
          (   0,    0) (   9,    0) (   0,    9) (   0,    0) (   9,    0) (   0,    8) (   0,    0) (   6,    0) (   0,    7) (   0,    0)
          (   7,    0) (   0,    8) (   0,    0) (   7,    0) (   0,    8) (   0,    0) (   9,    0) (   0,    8) (   0,    0) (   9,    0)
          (   0,    8) (   0,    0) (   9,    0) (   0,    9) (   0,    0) (   9,    0) (   0,    8) (   0,    0) (   8,    0) (   0,    9)
          (   0,    0) (   8,    0) (   0,    7) (   0,    0) (   9,    0) (   0,    9) (   0,    0) (   9,    0) (   0,    8) (   0,    0)
          (   8,    0) (   0,    9) (   0,    0) (   9,    0) (   0,    8) (   0,    0) (   9,    0) (   0,    7) (   0,    0) (   8,    0)
          (   0,    9) (   0,    0) (   7,    0) (   0,    8) (   0,    0) (   9,    0) (   0,    8) (   0,    0) (   9,    0) (   0,    9)
          (   0,    0) (   8,    0) (   0,    8) (   0,    0) (   8,    0) (   0,    8) (   0,    0) (   8,    0) (   0,    9) (   0,    0)
          (   9,    0) (   0,    8) (   0,    0) (   6,    0) (   0,    7) (   0,    0) (   9,    0) (   0,    8) (   0,    0) (   7,    0)
          (   0,    9) (   0,    0) (   8,    0) (   0,    9) (   0,    0) (   8,    0) (   0,    9) (   0,    0) (   7,    0) (   0,    9)
          (   0,    0) (   9,    0) (   0,    9) (   0,    0) (   8,    0) (   0,    7) (   0,    0) (   8,    0) (   0,    9) (   0,    0)
          (   9,    0) (   0,    8) (   0,    0) (   9,    0) (   0,    9) (   0,    0) (   9,    0) (   0,    9) (   0,    0) (   9,    0)
          (   0,    9) (   0,    0) (   9,    0) (   0,    9) (   0,    0) (   9,    0) (   0,    9) (   0,    0) (   9,    0) (   0,    9)
          (   0,    0) (   9,    0) (   0,    9) (   0,    0) (   9,    0) (   0,    9) (   0,    0) (   9,    0) (   0,    9) (   0,    0)
          (   9,    0) (   0,    9) (   0,    0) (   9,    0) (   0,    9) (   0,    0) (   9,    0) (   0,    9) (   0,    0) (   9,    0)
          (   0,    9) (   0,    0) (   9,    0) (   0,    9) (   0,    0) (   9,    0) (   0,    9) (   0,    0) (   9,    0) (   0,    9)
          (   0,    0) (   9,    0) (   0,    9) (   0,    0) (   9,    0) (   0,    9) (   0,    0) (   9,    0) (   0,    9) (   0,    0)
          (   9,    0) (   0,    9) (   0,    0) (   9,    0) (   0,    9) (   0,    0) (   9,    0) (   0,    9) (   0,    0) (   9,    0)
          (   0,    9) (   0,    0) (   9,    0) (   0,    9) (   0,    0) (   9,    0) (   0,    9) (   0,    0) (   9,    0) (   0,    9)
          (   0,    0) (   9,    0) (   0,    9) (   0,    0) (   9,    0) (   0,    9) (   0,    0) (   9,    0) (   0,    9) (   0,    0)
          (   9,    0) (   0,    9) (   0,    0) (   9,    0) (   0,    9) (   0,    0) (   9,    0) (   0,    9) (   0,    0) (   9,    0)
          (   0,    9) (   0,    0) (   9,    0) (   0,    9) (   0,    0) (   9,    0) (   0,    9) (   0,    0) (   9,    0) (   0,    9)
          (   0,    0) (   9,    0) (   0,    9) (   0,    0) (   9,    0) (   0,    9) (   0,    0) (   9,    0) (   0,    9) (   0,    0)
          (   9,    0) (   0,    9) (   0,    0) (   9,    0) (   0,    9) (   0,    0) (   9,    0) (   0,    9) (   0,    0) (   9,    0)
          (   0,    9) (   0,    0) (   9,    0) (   0,    9) (   0,    0) (   9,    0) (   0,    9) (   0,    0) (   9,    0) (   0,    9)
          (   0,    0) (   9,    0) (   0,    9) (   0,    0) (   9,    0) (   0,    9) (   0,    0) (   9,    0) (   0,    9) (   0,    0)
          (   9,    0) (   0,    9) (   0,    0) (   9,    0) (   0,    9) (   0,    0) (   9,    0) (   0,    9) (   0,    0) (   9,    0)
          (   0,    9) (   0,    0) (   9,    0) (   0,    9) (   0,    0) (   9,    0) (   0,    9) (   0,    0) (   9,    0) (   0,    9)
          (   0,    0) (   9,    0) (   0,    9) (   0,    0) (   9,    0) (   0,    9) (   0,    0) (   9,    0) (   0,    9) (   0,    0)
          (   9,    0) (   0,    9) (   0,    0) (   9,    0) (   0,    9) (   0,    0) (   9,    0) (   0,    9) (   0,    0) (   9,    0)
          (   0,    9) (   0,    0) (   9,    0) (   0,    9) (   0,    0) (   9,    0) (   0,    9) (   0,    0) (   9,    0) (   0,    9)
          (   0,    0) (   9,    0) (   0,    9) (   0,    0) (   9,    0) (   0,    9) (   0,    0) (   9,    0) (   0,    9) (   0,    0)
          (   9,    0) (   0,    9) (   0,    0) (   9,    0) (   0,    9) (   0,    0) (   9,    0) (   0,    9) (   0,    0) (   9,    0)
          (   0,    9) (   0,    0) (   9,    0) (   0,    9) (   0,    0) (   9,    0) (   0,    9) (   0,    0) (   9,    0) (   0,    9)
          (   0,    0) (   9,    0) (   0,    9) (   0,    0) (   9,    0) (   0,    9) (   0,    0) (   9,    0) (   0,    9) (   0,    0)
          (   9,    0) (   0,    9) (   0,    0) (   9,    0) (   0,    9) (   0,    0) (   9,    0) (   0,    9) (   0,    0) (   9,    0)
          (   0,    9) (   0,    0) (   9,    0) (   0,    9) (   0,    0) (   9,    0) (   0,    9) (   0,    0) (   9,    0) (   0,    9)
          (   0,    0) (   9,    0) (   0,    9) (   0,    0) (   9,    0) (   0,    9) (   0,    0) (   9,    0) (   0,    9) (   0,    0)
          (   9,    0) (   0,    9) (   0,    0) (   9,    0) (   0,    9) (   0,    0) (   9,    0) (   0,    9) (   0,    0) (   9,    0)
          (   0,    9) (   0,    0) (   9,    0) (   0,    9) (   0,    0) (   9,    0) (   0,    9) (   0,    0) (   9,    0) (   0,    9)
          (   0,    0) (   9,    0) (   0,    9) (   0,    0) (   9,    0) (   0,    9) (   0,    0) (   9,    0) (   0,    9) (   0,    0)
          (   9,    0) (   0,    9) (   0,    0) (   9,    0) (   0,    9) (   0,    0) (   9,    0) (   0,    9) (   0,    0) (   9,    0)
          (   0,    9) (   0,    0) (   9,    0) (   0,    9) (   0,    0) (   9,    0) (   0,    9) (   0,    0) (   9,    0) (   0,    9)
          (   0,    0) (   9,    0) (   0,    9) (   0,    0) (   9,    0) (   0,    9) (   0,    0) (   9,    0) (   0,    9) (   0,    0)
          (   9,    0) (   0,    9) (   0,    0) (   9,    0) (   0,    9) (   0,    0) (   9,    0) (   0,    9) (   0,    0) (   9,    0)
          (   0,    9) (   0,    0) (   9,    0) (   0,    9) (   0,    0) (   9,    0) (   0,    9) (   0,    0) (   9,    0) (   0,    9)
          (   0,    0) (   9,    0) (   0,    9) (   0,    0) (   9,    0) (   0,    9) (   0,    0) (   9,    0) (   0,    9) (   0,    0)
          (   9,    0) (   0,    9) (   0,    0) (   9,    0) (   0,    9) (   0,    0) (   9,    0) (   0,    9) (   0,    0) (   9,    0)
          (   0,    9) (   0,    0) (   9,    0) (   0,    9) (   0,    0) (   9,    0) (   0,    9) (   0,    0) (   9,    0) (   0,    9)
          (   0,    0) (   9,    0) (   0,    9) (   0,    0) (   9,    0) (   0,    9) (   0,    0) (   9,    0) (   0,    9) (   0,    0)
          (   9,    0) (   0,    9) (   0,    0) (   9,    0) (   0,    9) (   0,    0) (   9,    0) (   0,    9) (   0,    0) (   9,    0)
         
node   4 sent_total   2043  recv_total   2024

node   5  (   0,    0) (   1,    0) (   0,    0) (   0,    0) (   0,    0) (   0,    0) (   0,    0) (   0,    1) (   0,    0) (   0,    0)
          (   0,    1) (   0,    0) (  10,    0) (   0,   10) (   0,    0) (  10,    0) (   0,   10) (   0,    0) (  10,    0) (   0,   10)
          (   0,    0) (  10,    0) (   0,   10) (   0,    0) (  10,    0) (   0,   10) (   0,    0) (  10,    0) (   0,   10) (   0,    0)
          (  10,    0) (   0,   10) (   0,    0) (  10,    0) (   0,   10) (   0,    0) (  10,    0) (   0,   10) (   0,    0) (  10,    0)
          (   0,   10) (   0,    0) (  10,    0) (   0,   10) (   0,    0) (  10,    0) (   0,   10) (   0,    0) (  10,    0) (   0,   10)
          (   0,    0) (  10,    0) (   0,   10) (   0,    0) (   9,    0) (   0,    8) (   0,    0) (   8,    0) (   0,    9) (   0,    0)
          (  10,    0) (   0,   10) (   0,    0) (  10,    0) (   0,    9) (   0,    0) (   9,    0) (   0,    9) (   0,    0) (   8,    0)
          (   0,    9) (   0,    0) (  10,    0) (   0,    8) (   0,    0) (   7,    0) (   0,   10) (   0,    0) (  10,    0) (   0,    6)
          (   0,    0) (   8,    0) (   0,   10) (   0,    0) (   9,    0) (   0,    9) (   0,    0) (   8,    0) (   0,    9) (   0,    0)
          (  10,    0) (   0,   10) (   0,    0) (  10,    0) (   0,    9) (   0,    0) (   9,    0) (   0,    9) (   0,    0) (   8,    0)
          (   0,   10) (   0,    0) (  10,    0) (   0,    7) (   0,    0) (  10,    0) (   0,    8) (   0,    0) (  10,    0) (   0,    8)
          (   0,    0) (   8,    0) (   0,    7) (   0,    0) (  10,    0) (   0,    9) (   0,    0) (   9,    0) (   0,    8) (   0,    0)
          (   9,    0) (   0,    9) (   0,    0) (   8,    0) (   0,    7) (   0,    0) (   7,    0) (   0,    9) (   0,    0) (   8,    0)
          (   0,    9) (   0,    0) (   9,    0) (   0,    8) (   0,    0) (   6,    0) (   0,    7) (   0,    0) (   7,    0) (   0,    8)
          (   0,    0) (   9,    0) (   0,    8) (   0,    0) (   6,    0) (   0,    8) (   0,    0) (   8,    0) (   0,    8) (   0,    0)
          (   9,    0) (   0,    8) (   0,    0) (   8,    0) (   0,    8) (   0,    0) (   9,    0) (   0,    9) (   0,    0) (   7,    0)
          (   0,    8) (   0,    0) (   8,    0) (   0,    7) (   0,    0) (   7,    0) (   0,    9) (   0,    0) (   9,    0) (   0,    9)
          (   0,    0) (   9,    0) (   0,    8) (   0,    0) (   8,    0) (   0,    9) (   0,    0) (   8,    0) (   0,    7) (   0,    0)
          (   9,    0) (   0,    9) (   0,    0) (   8,    0) (   0,    9) (   0,    0) (   8,    0) (   0,    7) (   0,    0) (   7,    0)
          (   0,    8) (   0,    0) (   8,    0) (   0,    9) (   0,    0) (   7,    0) (   0,    7) (   0,    0) (   7,    0) (   0,    7)
          (   0,    0) (   8,    0) (   0,    8) (   0,    0) (   6,    0) (   0,    8) (   0,    0) (   8,    0) (   0,    7) (   0,    0)
          (   9,    0) (   0,    8) (   0,    0) (   9,    0) (   0,    8) (   0,    0) (   8,    0) (   0,    7) (   0,    0) (   9,    0)
          (   0,    7) (   0,    0) (   8,    0) (   0,    8) (   0,    0) (   8,    0) (   0,    8) (   0,    0) (   8,    0) (   0,    5)
          (   0,    0) (   8,    0) (   0,    7) (   0,    0) (   8,    0) (   0,    8) (   0,    0) (   9,    0) (   0,    8) (   0,    0)
          (   9,    0) (   0,    9) (   0,    0) (   7,    0) (   0,    8) (   0,    0) (   7,    0) (   0,    7) (   0,    0) (   9,    0)
          (   0,    6) (   0,    0) (   9,    0) (   0,    9) (   0,    0) (   9,    0) (   0,    8) (   0,    0) (   7,    0) (   0,    9)
          (   0,    0) (   9,    0) (   0,    9) (   0,    0) (   8,    0) (   0,    8) (   0,    0) (   8,    0) (   0,    9) (   0,    0)
          (   9,    0) (   0,    9) (   0,    0) (   8,    0) (   0,    9) (   0,    0) (   6,    0) (   0,    8) (   0,    0) (   9,    0)
          (   0,    7) (   0,    0) (   5,    0) (   0,    9) (   0,    0) (   8,    0) (   0,    8) (   0,    0) (   8,    0) (   0,    7)
          (   0,    0) (   4,    0) (   0,    9) (   0,    0) (   9,    0) (   0,    9) (   0,    0) (   8,    0) (   0,    9) (   0,    0)
          (   9,    0) (   0,    8) (   0,    0) (   9,    0) (   0,    9) (   0,    0) (   9,    0) (   0,    9) (   0,    0) (   9,    0)
          (   0,    9) (   0,    0) (   9,    0) (   0,    9) (   0,    0) (   9,    0) (   0,    9) (   0,    0) (   9,    0) (   0,    9)
          (   0,    0) (   9,    0) (   0,    9) (   0,    0) (   9,    0) (   0,    9) (   0,    0) (   9,    0) (   0,    9) (   0,    0)
          (   9,    0) (   0,    9) (   0,    0) (   9,    0) (   0,    9) (   0,    0) (   9,    0) (   0,    9) (   0,    0) (   9,    0)
          (   0,    9) (   0,    0) (   9,    0) (   0,    9) (   0,    0) (   9,    0) (   0,    9) (   0,    0) (   9,    0) (   0,    9)
          (   0,    0) (   9,    0) (   0,    9) (   0,    0) (   9,    0) (   0,    9) (   0,    0) (   9,    0) (   0,    9) (   0,    0)
          (   9,    0) (   0,    9) (   0,    0) (   9,    0) (   0,    9) (   0,    0) (   9,    0) (   0,    9) (   0,    0) (   9,    0)
          (   0,    9) (   0,    0) (   9,    0) (   0,    9) (   0,    0) (   9,    0) (   0,    9) (   0,    0) (   9,    0) (   0,    9)
          (   0,    0) (   9,    0) (   0,    9) (   0,    0) (   9,    0) (   0,    9) (   0,    0) (   9,    0) (   0,    9) (   0,    0)
          (   9,    0) (   0,    9) (   0,    0) (   9,    0) (   0,    9) (   0,    0) (   9,    0) (   0,    9) (   0,    0) (   9,    0)
          (   0,    9) (   0,    0) (   9,    0) (   0,    9) (   0,    0) (   9,    0) (   0,    9) (   0,    0) (   9,    0) (   0,    9)
          (   0,    0) (   9,    0) (   0,    9) (   0,    0) (   9,    0) (   0,    9) (   0,    0) (   9,    0) (   0,    9) (   0,    0)
          (   9,    0) (   0,    9) (   0,    0) (   9,    0) (   0,    9) (   0,    0) (   9,    0) (   0,    9) (   0,    0) (   9,    0)
          (   0,    9) (   0,    0) (   9,    0) (   0,    9) (   0,    0) (   9,    0) (   0,    9) (   0,    0) (   9,    0) (   0,    9)
          (   0,    0) (   9,    0) (   0,    9) (   0,    0) (   9,    0) (   0,    9) (   0,    0) (   9,    0) (   0,    9) (   0,    0)
          (   9,    0) (   0,    9) (   0,    0) (   9,    0) (   0,    9) (   0,    0) (   9,    0) (   0,    9) (   0,    0) (   9,    0)
          (   0,    9) (   0,    0) (   9,    0) (   0,    9) (   0,    0) (   9,    0) (   0,    9) (   0,    0) (   9,    0) (   0,    9)
          (   0,    0) (   9,    0) (   0,    9) (   0,    0) (   9,    0) (   0,    9) (   0,    0) (   9,    0) (   0,    9) (   0,    0)
          (   9,    0) (   0,    9) (   0,    0) (   9,    0) (   0,    9) (   0,    0) (   9,    0) (   0,    9) (   0,    0) (   9,    0)
          (   0,    9) (   0,    0) (   9,    0) (   0,    9) (   0,    0) (   9,    0) (   0,    9) (   0,    0) (   9,    0) (   0,    9)
          (   0,    0) (   9,    0) (   0,    9) (   0,    0) (   9,    0) (   0,    9) (   0,    0) (   9,    0) (   0,    9) (   0,    0)
          (   9,    0) (   0,    9) (   0,    0) (   9,    0) (   0,    9) (   0,    0) (   9,    0) (   0,    9) (   0,    0) (   9,    0)
          (   0,    9) (   0,    0) (   9,    0) (   0,    9) (   0,    0) (   9,    0) (   0,    9) (   0,    0) (   9,    0) (   0,    9)
          (   0,    0) (   9,    0) (   0,    9) (   0,    0) (   9,    0) (   0,    9) (   0,    0) (   9,    0) (   0,    9) (   0,    0)
          (   9,    0) (   0,    9) (   0,    0) (   9,    0) (   0,    9) (   0,    0) (   9,    0) (   0,    9) (   0,    0) (   9,    0)
          (   0,    9) (   0,    0) (   9,    0) (   0,    9) (   0,    0) (   9,    0) (   0,    9) (   0,    0) (   9,    0) (   0,    9)
          (   0,    0) (   9,    0) (   0,    9) (   0,    0) (   9,    0) (   0,    9) (   0,    0) (   9,    0) (   0,    9) (   0,    0)
          (   9,    0) (   0,    9) (   0,    0) (   9,    0) (   0,    9) (   0,    0) (   9,    0) (   0,    9) (   0,    0) (   9,    0)
          (   0,    9) (   0,    0) (   9,    0) (   0,    9) (   0,    0) (   9,    0) (   0,    9) (   0,    0) (   9,    0) (   0,    9)
          (   0,    0) (   9,    0) (   0,    9) (   0,    0) (   9,    0) (   0,    9) (   0,    0) (   9,    0) (   0,    9) (   0,    0)
          (   9,    0) (   0,    9) (   0,    0) (   9,    0) (   0,    9) (   0,    0) (   9,    0) (   0,    9) (   0,    0) (   9,    0)
          (   0,    9) (   0,    0) (   9,    0) (   0,    9) (   0,    0) (   9,    0) (   0,    9) (   0,    0) (   9,    0) (   0,    9)
          (   0,    0) (   9,    0) (   0,    9) (   0,    0) (   9,    0) (   0,    9) (   0,    0) (   9,    0) (   0,    9) (   0,    0)
          (   9,    0) (   0,    9) (   0,    0) (   9,    0) (   0,    9) (   0,    0) (   9,    0) (   0,    9) (   0,    0) (   9,    0)
          (   0,    9) (   0,    0) (   9,    0) (   0,    9) (   0,    0) (   9,    0) (   0,    9) (   0,    0) (   9,    0) (   0,    9)
          (   0,    0) (   9,    0) (   0,    9) (   0,    0) (   9,    0) (   0,    9) (   0,    0) (   9,    0) (   0,    9) (   0,    0)
          (   9,    0) (   0,    9) (   0,    0) (   9,    0) (   0,    9) (   0,    0) (   9,    0) (   0,    9) (   0,    0) (   9,    0)
          (   0,    9) (   0,    0) (   9,    0) (   0,    9) (   0,    0) (   9,    0) (   0,    9) (   0,    0) (   9,    0) (   0,    9)
          (   0,    0) (   9,    0) (   0,    9) (   0,    0) (   9,    0) (   0,    9) (   0,    0) (   9,    0) (   0,    9) (   0,    0)
          (   9,    0) (   0,    9) (   0,    0) (   9,    0) (   0,    9) (   0,    0) (   9,    0) (   0,    9) (   0,    0) (   9,    0)
         
node   5 sent_total   2022  recv_total   2011

node   6  (   0,    0) (   1,    0) (   0,    0) (   0,    0) (   0,    0) (   0,    0) (   0,    0) (   0,    1) (   0,    0) (   0,    0)
          (   0,    1) (   0,    0) (  10,    0) (   0,   10) (   0,    0) (  10,    0) (   0,   10) (   0,    0) (  10,    0) (   0,   10)
          (   0,    0) (  10,    0) (   0,   10) (   0,    0) (  10,    0) (   0,   10) (   0,    0) (  10,    0) (   0,   10) (   0,    0)
          (  10,    0) (   0,   10) (   0,    0) (  10,    0) (   0,   10) (   0,    0) (  10,    0) (   0,   10) (   0,    0) (  10,    0)
          (   0,   10) (   0,    0) (  10,    0) (   0,   10) (   0,    0) (  10,    0) (   0,   10) (   0,    0) (  10,    0) (   0,   10)
          (   0,    0) (  10,    0) (   0,    8) (   0,    0) (   8,    0) (   0,   10) (   0,    0) (   9,    0) (   0,   10) (   0,    0)
          (   8,    0) (   0,   10) (   0,    0) (   9,    0) (   0,    8) (   0,    0) (   9,    0) (   0,    9) (   0,    0) (   9,    0)
          (   0,    9) (   0,    0) (   7,    0) (   0,   10) (   0,    0) (   8,    0) (   0,    9) (   0,    0) (   9,    0) (   0,    8)
          (   0,    0) (  10,    0) (   0,    8) (   0,    0) (  10,    0) (   0,   10) (   0,    0) (   9,    0) (   0,    7) (   0,    0)
          (   8,    0) (   0,    8) (   0,    0) (   9,    0) (   0,   10) (   0,    0) (   8,    0) (   0,    9) (   0,    0) (  10,    0)
          (   0,   10) (   0,    0) (  10,    0) (   0,    9) (   0,    0) (   8,    0) (   0,    5) (   0,    0) (   8,    0) (   0,    8)
          (   0,    0) (   9,    0) (   0,    9) (   0,    0) (  10,    0) (   0,    8) (   0,    0) (   9,    0) (   0,    9) (   0,    0)
          (  10,    0) (   0,    8) (   0,    0) (   8,    0) (   0,    9) (   0,    0) (   9,    0) (   0,    8) (   0,    0) (   9,    0)
          (   0,    9) (   0,    0) (   8,    0) (   0,    8) (   0,    0) (   8,    0) (   0,    7) (   0,    0) (   8,    0) (   0,    8)
          (   0,    0) (   7,    0) (   0,    8) (   0,    0) (   6,    0) (   0,    7) (   0,    0) (   7,    0) (   0,    8) (   0,    0)
          (   7,    0) (   0,    8) (   0,    0) (   7,    0) (   0,    7) (   0,    0) (   8,    0) (   0,    9) (   0,    0) (   7,    0)
          (   0,    8) (   0,    0) (   8,    0) (   0,    9) (   0,    0) (   9,    0) (   0,    9) (   0,    0) (   6,    0) (   0,    8)
          (   0,    0) (   9,    0) (   0,    7) (   0,    0) (   9,    0) (   0,    9) (   0,    0) (   9,    0) (   0,    8) (   0,    0)
          (   8,    0) (   0,    9) (   0,    0) (   8,    0) (   0,    7) (   0,    0) (   8,    0) (   0,    9) (   0,    0) (   9,    0)
          (   0,    9) (   0,    0) (   9,    0) (   0,    7) (   0,    0) (   8,    0) (   0,    6) (   0,    0) (   8,    0) (   0,    8)
          (   0,    0) (   9,    0) (   0,    9) (   0,    0) (   8,    0) (   0,    9) (   0,    0) (   8,    0) (   0,    8) (   0,    0)
          (   8,    0) (   0,    8) (   0,    0) (   9,    0) (   0,    9) (   0,    0) (   7,    0) (   0,    7) (   0,    0) (   7,    0)
          (   0,    6) (   0,    0) (   9,    0) (   0,    8) (   0,    0) (   9,    0) (   0,    8) (   0,    0) (   6,    0) (   0,    7)
          (   0,    0) (   6,    0) (   0,    8) (   0,    0) (   8,    0) (   0,    7) (   0,    0) (   7,    0) (   0,    9) (   0,    0)
          (   8,    0) (   0,    8) (   0,    0) (   8,    0) (   0,    9) (   0,    0) (   9,    0) (   0,    8) (   0,    0) (   8,    0)
          (   0,    7) (   0,    0) (   7,    0) (   0,    8) (   0,    0) (   8,    0) (   0,    8) (   0,    0) (   8,    0) (   0,    7)
          (   0,    0) (   7,    0) (   0,    6) (   0,    0) (   8,    0) (   0,    9) (   0,    0) (   8,    0) (   0,    8) (   0,    0)
          (   8,    0) (   0,    7) (   0,    0) (   6,    0) (   0,    8) (   0,    0) (   9,    0) (   0,    7) (   0,    0) (   8,    0)
          (   0,    8) (   0,    0) (   8,    0) (   0,    9) (   0,    0) (   8,    0) (   0,    7) (   0,    0) (   9,    0) (   0,    8)
          (   0,    0) (   8,    0) (   0,    8) (   0,    0) (   8,    0) (   0,    9) (   0,    0) (   8,    0) (   0,    5) (   0,    0)
          (   8,    0) (   0,    9) (   0,    0) (   9,    0) (   0,    9) (   0,    0) (   9,    0) (   0,    9) (   0,    0) (   9,    0)
          (   0,    9) (   0,    0) (   9,    0) (   0,    9) (   0,    0) (   9,    0) (   0,    9) (   0,    0) (   9,    0) (   0,    9)
          (   0,    0) (   9,    0) (   0,    9) (   0,    0) (   9,    0) (   0,    9) (   0,    0) (   9,    0) (   0,    9) (   0,    0)
          (   9,    0) (   0,    9) (   0,    0) (   9,    0) (   0,    9) (   0,    0) (   9,    0) (   0,    9) (   0,    0) (   9,    0)
          (   0,    9) (   0,    0) (   9,    0) (   0,    9) (   0,    0) (   9,    0) (   0,    9) (   0,    0) (   9,    0) (   0,    9)
          (   0,    0) (   9,    0) (   0,    9) (   0,    0) (   9,    0) (   0,    9) (   0,    0) (   9,    0) (   0,    9) (   0,    0)
          (   9,    0) (   0,    9) (   0,    0) (   9,    0) (   0,    9) (   0,    0) (   9,    0) (   0,    9) (   0,    0) (   9,    0)
          (   0,    9) (   0,    0) (   9,    0) (   0,    9) (   0,    0) (   9,    0) (   0,    9) (   0,    0) (   9,    0) (   0,    9)
          (   0,    0) (   9,    0) (   0,    9) (   0,    0) (   9,    0) (   0,    9) (   0,    0) (   9,    0) (   0,    9) (   0,    0)
          (   9,    0) (   0,    9) (   0,    0) (   9,    0) (   0,    9) (   0,    0) (   9,    0) (   0,    9) (   0,    0) (   9,    0)
          (   0,    9) (   0,    0) (   9,    0) (   0,    9) (   0,    0) (   9,    0) (   0,    9) (   0,    0) (   9,    0) (   0,    9)
          (   0,    0) (   9,    0) (   0,    9) (   0,    0) (   9,    0) (   0,    9) (   0,    0) (   9,    0) (   0,    9) (   0,    0)
          (   9,    0) (   0,    9) (   0,    0) (   9,    0) (   0,    9) (   0,    0) (   9,    0) (   0,    9) (   0,    0) (   9,    0)
          (   0,    9) (   0,    0) (   9,    0) (   0,    9) (   0,    0) (   9,    0) (   0,    9) (   0,    0) (   9,    0) (   0,    9)
          (   0,    0) (   9,    0) (   0,    9) (   0,    0) (   9,    0) (   0,    9) (   0,    0) (   9,    0) (   0,    9) (   0,    0)
          (   9,    0) (   0,    9) (   0,    0) (   9,    0) (   0,    9) (   0,    0) (   9,    0) (   0,    9) (   0,    0) (   9,    0)
          (   0,    9) (   0,    0) (   9,    0) (   0,    9) (   0,    0) (   9,    0) (   0,    9) (   0,    0) (   9,    0) (   0,    9)
          (   0,    0) (   9,    0) (   0,    9) (   0,    0) (   9,    0) (   0,    9) (   0,    0) (   9,    0) (   0,    9) (   0,    0)
          (   9,    0) (   0,    9) (   0,    0) (   9,    0) (   0,    9) (   0,    0) (   9,    0) (   0,    9) (   0,    0) (   9,    0)
          (   0,    9) (   0,    0) (   9,    0) (   0,    9) (   0,    0) (   9,    0) (   0,    9) (   0,    0) (   9,    0) (   0,    9)
          (   0,    0) (   9,    0) (   0,    9) (   0,    0) (   9,    0) (   0,    9) (   0,    0) (   9,    0) (   0,    9) (   0,    0)
          (   9,    0) (   0,    9) (   0,    0) (   9,    0) (   0,    9) (   0,    0) (   9,    0) (   0,    9) (   0,    0) (   9,    0)
          (   0,    9) (   0,    0) (   9,    0) (   0,    9) (   0,    0) (   9,    0) (   0,    9) (   0,    0) (   9,    0) (   0,    9)
          (   0,    0) (   9,    0) (   0,    9) (   0,    0) (   9,    0) (   0,    9) (   0,    0) (   9,    0) (   0,    9) (   0,    0)
          (   9,    0) (   0,    9) (   0,    0) (   9,    0) (   0,    9) (   0,    0) (   9,    0) (   0,    9) (   0,    0) (   9,    0)
          (   0,    9) (   0,    0) (   9,    0) (   0,    9) (   0,    0) (   9,    0) (   0,    9) (   0,    0) (   9,    0) (   0,    9)
          (   0,    0) (   9,    0) (   0,    9) (   0,    0) (   9,    0) (   0,    9) (   0,    0) (   9,    0) (   0,    9) (   0,    0)
          (   9,    0) (   0,    9) (   0,    0) (   9,    0) (   0,    9) (   0,    0) (   9,    0) (   0,    9) (   0,    0) (   9,    0)
          (   0,    9) (   0,    0) (   9,    0) (   0,    9) (   0,    0) (   9,    0) (   0,    9) (   0,    0) (   9,    0) (   0,    9)
          (   0,    0) (   9,    0) (   0,    9) (   0,    0) (   9,    0) (   0,    9) (   0,    0) (   9,    0) (   0,    9) (   0,    0)
          (   9,    0) (   0,    9) (   0,    0) (   9,    0) (   0,    9) (   0,    0) (   9,    0) (   0,    9) (   0,    0) (   9,    0)
          (   0,    9) (   0,    0) (   9,    0) (   0,    9) (   0,    0) (   9,    0) (   0,    9) (   0,    0) (   9,    0) (   0,    9)
          (   0,    0) (   9,    0) (   0,    9) (   0,    0) (   9,    0) (   0,    9) (   0,    0) (   9,    0) (   0,    9) (   0,    0)
          (   9,    0) (   0,    9) (   0,    0) (   9,    0) (   0,    9) (   0,    0) (   9,    0) (   0,    9) (   0,    0) (   9,    0)
          (   0,    9) (   0,    0) (   9,    0) (   0,    9) (   0,    0) (   9,    0) (   0,    9) (   0,    0) (   9,    0) (   0,    9)
          (   0,    0) (   9,    0) (   0,    9) (   0,    0) (   9,    0) (   0,    9) (   0,    0) (   9,    0) (   0,    9) (   0,    0)
          (   9,    0) (   0,    9) (   0,    0) (   9,    0) (   0,    9) (   0,    0) (   9,    0) (   0,    9) (   0,    0) (   9,    0)
          (   0,    9) (   0,    0) (   9,    0) (   0,    9) (   0,    0) (   9,    0) (   0,    9) (   0,    0) (   9,    0) (   0,    9)
          (   0,    0) (   9,    0) (   0,    9) (   0,    0) (   9,    0) (   0,    9) (   0,    0) (   9,    0) (   0,    9) (   0,    0)
          (   9,    0) (   0,    9) (   0,    0) (   9,    0) (   0,    9) (   0,    0) (   9,    0) (   0,    9) (   0,    0) (   9,    0)
         
node   6 sent_total   2017  recv_total   2004

node   7  (   0,    0) (   1,    0) (   0,    0) (   0,    0) (   0,    0) (   0,    0) (   0,    0) (   0,    1) (   0,    0) (   0,    0)
          (   0,    1) (   0,    0) (  10,    0) (   0,   10) (   0,    0) (  10,    0) (   0,   10) (   0,    0) (  10,    0) (   0,   10)
          (   0,    0) (  10,    0) (   0,   10) (   0,    0) (  10,    0) (   0,   10) (   0,    0) (  10,    0) (   0,   10) (   0,    0)
          (  10,    0) (   0,   10) (   0,    0) (  10,    0) (   0,   10) (   0,    0) (  10,    0) (   0,   10) (   0,    0) (  10,    0)
          (   0,   10) (   0,    0) (  10,    0) (   0,   10) (   0,    0) (  10,    0) (   0,   10) (   0,    0) (  10,    0) (   0,   10)
          (   0,    0) (   9,    0) (   0,    9) (   0,    0) (   8,    0) (   0,   10) (   0,    0) (  10,    0) (   0,   10) (   0,    0)
          (  10,    0) (   0,    9) (   0,    0) (   8,    0) (   0,    8) (   0,    0) (   9,    0) (   0,   10) (   0,    0) (   9,    0)
          (   0,   10) (   0,    0) (   8,    0) (   0,    7) (   0,    0) (   9,    0) (   0,    8) (   0,    0) (   9,    0) (   0,    9)
          (   0,    0) (   9,    0) (   0,   10) (   0,    0) (  10,    0) (   0,   10) (   0,    0) (   9,    0) (   0,   10) (   0,    0)
          (   8,    0) (   0,    8) (   0,    0) (   9,    0) (   0,    9) (   0,    0) (   8,    0) (   0,   10) (   0,    0) (   9,    0)
          (   0,    9) (   0,    0) (   9,    0) (   0,    8) (   0,    0) (   9,    0) (   0,    9) (   0,    0) (   8,    0) (   0,    6)
          (   0,    0) (   9,    0) (   0,    8) (   0,    0) (   9,    0) (   0,    8) (   0,    0) (   9,    0) (   0,    8) (   0,    0)
          (  10,    0) (   0,    6) (   0,    0) (   7,    0) (   0,    9) (   0,    0) (   9,    0) (   0,    9) (   0,    0) (   8,    0)
          (   0,    8) (   0,    0) (   7,    0) (   0,    8) (   0,    0) (   8,    0) (   0,    8) (   0,    0) (   8,    0) (   0,    9)
          (   0,    0) (   8,    0) (   0,    8) (   0,    0) (   8,    0) (   0,    6) (   0,    0) (   7,    0) (   0,    8) (   0,    0)
          (   6,    0) (   0,    8) (   0,    0) (   7,    0) (   0,    8) (   0,    0) (   9,    0) (   0,    6) (   0,    0) (   6,    0)
          (   0,    8) (   0,    0) (   9,    0) (   0,    9) (   0,    0) (   9,    0) (   0,    7) (   0,    0) (   7,    0) (   0,    9)
          (   0,    0) (   9,    0) (   0,    9) (   0,    0) (   8,    0) (   0,    9) (   0,    0) (   9,    0) (   0,    7) (   0,    0)
          (   9,    0) (   0,    8) (   0,    0) (   8,    0) (   0,    9) (   0,    0) (   9,    0) (   0,    9) (   0,    0) (   8,    0)
          (   0,    9) (   0,    0) (   7,    0) (   0,    9) (   0,    0) (   8,    0) (   0,    8) (   0,    0) (   9,    0) (   0,    9)
          (   0,    0) (   8,    0) (   0,    8) (   0,    0) (   8,    0) (   0,    8) (   0,    0) (   7,    0) (   0,    7) (   0,    0)
          (   7,    0) (   0,    9) (   0,    0) (   7,    0) (   0,    8) (   0,    0) (   7,    0) (   0,    8) (   0,    0) (   7,    0)
          (   0,    8) (   0,    0) (   8,    0) (   0,    8) (   0,    0) (   7,    0) (   0,    9) (   0,    0) (   9,    0) (   0,    9)
          (   0,    0) (   8,    0) (   0,    8) (   0,    0) (   8,    0) (   0,    9) (   0,    0) (   7,    0) (   0,    9) (   0,    0)
          (   9,    0) (   0,    9) (   0,    0) (   8,    0) (   0,    8) (   0,    0) (   8,    0) (   0,    7) (   0,    0) (   8,    0)
          (   0,    8) (   0,    0) (   9,    0) (   0,    8) (   0,    0) (   8,    0) (   0,    9) (   0,    0) (   8,    0) (   0,    8)
          (   0,    0) (   9,    0) (   0,    6) (   0,    0) (   9,    0) (   0,    8) (   0,    0) (   9,    0) (   0,    7) (   0,    0)
          (   8,    0) (   0,    8) (   0,    0) (   6,    0) (   0,    8) (   0,    0) (   9,    0) (   0,    8) (   0,    0) (   9,    0)
          (   0,    9) (   0,    0) (   9,    0) (   0,    8) (   0,    0) (   7,    0) (   0,    6) (   0,    0) (   8,    0) (   0,    9)
          (   0,    0) (   8,    0) (   0,    7) (   0,    0) (   8,    0) (   0,    7) (   0,    0) (   8,    0) (   0,    9) (   0,    0)
          (   8,    0) (   0,    9) (   0,    0) (   9,    0) (   0,    9) (   0,    0) (   9,    0) (   0,    9) (   0,    0) (   9,    0)
          (   0,    9) (   0,    0) (   9,    0) (   0,    9) (   0,    0) (   9,    0) (   0,    9) (   0,    0) (   9,    0) (   0,    9)
          (   0,    0) (   9,    0) (   0,    9) (   0,    0) (   9,    0) (   0,    9) (   0,    0) (   9,    0) (   0,    9) (   0,    0)
          (   9,    0) (   0,    9) (   0,    0) (   9,    0) (   0,    9) (   0,    0) (   9,    0) (   0,    9) (   0,    0) (   9,    0)
          (   0,    9) (   0,    0) (   9,    0) (   0,    9) (   0,    0) (   9,    0) (   0,    9) (   0,    0) (   9,    0) (   0,    9)
          (   0,    0) (   9,    0) (   0,    9) (   0,    0) (   9,    0) (   0,    9) (   0,    0) (   9,    0) (   0,    9) (   0,    0)
          (   9,    0) (   0,    9) (   0,    0) (   9,    0) (   0,    9) (   0,    0) (   9,    0) (   0,    9) (   0,    0) (   9,    0)
          (   0,    9) (   0,    0) (   9,    0) (   0,    9) (   0,    0) (   9,    0) (   0,    9) (   0,    0) (   9,    0) (   0,    9)
          (   0,    0) (   9,    0) (   0,    9) (   0,    0) (   9,    0) (   0,    9) (   0,    0) (   9,    0) (   0,    9) (   0,    0)
          (   9,    0) (   0,    9) (   0,    0) (   9,    0) (   0,    9) (   0,    0) (   9,    0) (   0,    9) (   0,    0) (   9,    0)
          (   0,    9) (   0,    0) (   9,    0) (   0,    9) (   0,    0) (   9,    0) (   0,    9) (   0,    0) (   9,    0) (   0,    9)
          (   0,    0) (   9,    0) (   0,    9) (   0,    0) (   9,    0) (   0,    9) (   0,    0) (   9,    0) (   0,    9) (   0,    0)
          (   9,    0) (   0,    9) (   0,    0) (   9,    0) (   0,    9) (   0,    0) (   9,    0) (   0,    9) (   0,    0) (   9,    0)
          (   0,    9) (   0,    0) (   9,    0) (   0,    9) (   0,    0) (   9,    0) (   0,    9) (   0,    0) (   9,    0) (   0,    9)
          (   0,    0) (   9,    0) (   0,    9) (   0,    0) (   9,    0) (   0,    9) (   0,    0) (   9,    0) (   0,    9) (   0,    0)
          (   9,    0) (   0,    9) (   0,    0) (   9,    0) (   0,    9) (   0,    0) (   9,    0) (   0,    9) (   0,    0) (   9,    0)
          (   0,    9) (   0,    0) (   9,    0) (   0,    9) (   0,    0) (   9,    0) (   0,    9) (   0,    0) (   9,    0) (   0,    9)
          (   0,    0) (   9,    0) (   0,    9) (   0,    0) (   9,    0) (   0,    9) (   0,    0) (   9,    0) (   0,    9) (   0,    0)
          (   9,    0) (   0,    9) (   0,    0) (   9,    0) (   0,    9) (   0,    0) (   9,    0) (   0,    9) (   0,    0) (   9,    0)
          (   0,    9) (   0,    0) (   9,    0) (   0,    9) (   0,    0) (   9,    0) (   0,    9) (   0,    0) (   9,    0) (   0,    9)
          (   0,    0) (   9,    0) (   0,    9) (   0,    0) (   9,    0) (   0,    9) (   0,    0) (   9,    0) (   0,    9) (   0,    0)
          (   9,    0) (   0,    9) (   0,    0) (   9,    0) (   0,    9) (   0,    0) (   9,    0) (   0,    9) (   0,    0) (   9,    0)
          (   0,    9) (   0,    0) (   9,    0) (   0,    9) (   0,    0) (   9,    0) (   0,    9) (   0,    0) (   9,    0) (   0,    9)
          (   0,    0) (   9,    0) (   0,    9) (   0,    0) (   9,    0) (   0,    9) (   0,    0) (   9,    0) (   0,    9) (   0,    0)
          (   9,    0) (   0,    9) (   0,    0) (   9,    0) (   0,    9) (   0,    0) (   9,    0) (   0,    9) (   0,    0) (   9,    0)
          (   0,    9) (   0,    0) (   9,    0) (   0,    9) (   0,    0) (   9,    0) (   0,    9) (   0,    0) (   9,    0) (   0,    9)
          (   0,    0) (   9,    0) (   0,    9) (   0,    0) (   9,    0) (   0,    9) (   0,    0) (   9,    0) (   0,    9) (   0,    0)
          (   9,    0) (   0,    9) (   0,    0) (   9,    0) (   0,    9) (   0,    0) (   9,    0) (   0,    9) (   0,    0) (   9,    0)
          (   0,    9) (   0,    0) (   9,    0) (   0,    9) (   0,    0) (   9,    0) (   0,    9) (   0,    0) (   9,    0) (   0,    9)
          (   0,    0) (   9,    0) (   0,    9) (   0,    0) (   9,    0) (   0,    9) (   0,    0) (   9,    0) (   0,    9) (   0,    0)
          (   9,    0) (   0,    9) (   0,    0) (   9,    0) (   0,    9) (   0,    0) (   9,    0) (   0,    9) (   0,    0) (   9,    0)
          (   0,    9) (   0,    0) (   9,    0) (   0,    9) (   0,    0) (   9,    0) (   0,    9) (   0,    0) (   9,    0) (   0,    9)
          (   0,    0) (   9,    0) (   0,    9) (   0,    0) (   9,    0) (   0,    9) (   0,    0) (   9,    0) (   0,    9) (   0,    0)
          (   9,    0) (   0,    9) (   0,    0) (   9,    0) (   0,    9) (   0,    0) (   9,    0) (   0,    9) (   0,    0) (   9,    0)
          (   0,    9) (   0,    0) (   9,    0) (   0,    9) (   0,    0) (   9,    0) (   0,    9) (   0,    0) (   9,    0) (   0,    9)
          (   0,    0) (   9,    0) (   0,    9) (   0,    0) (   9,    0) (   0,    9) (   0,    0) (   9,    0) (   0,    9) (   0,    0)
          (   9,    0) (   0,    9) (   0,    0) (   9,    0) (   0,    9) (   0,    0) (   9,    0) (   0,    9) (   0,    0) (   9,    0)
          (   0,    9) (   0,    0) (   9,    0) (   0,    9) (   0,    0) (   9,    0) (   0,    9) (   0,    0) (   9,    0) (   0,    9)
          (   0,    0) (   9,    0) (   0,    9) (   0,    0) (   9,    0) (   0,    9) (   0,    0) (   9,    0) (   0,    9) (   0,    0)
          (   9,    0) (   0,    9) (   0,    0) (   9,    0) (   0,    9) (   0,    0) (   9,    0) (   0,    9) (   0,    0) (   9,    0)
         
node   7 sent_total   2020  recv_total   2017

node   8  (   0,    0) (   1,    0) (   0,    0) (   0,    0) (   0,    0) (   0,    0) (   0,    0) (   0,    1) (   0,    0) (   0,    0)
          (   0,    1) (   0,    0) (  10,    0) (   0,   10) (   0,    0) (  10,    0) (   0,   10) (   0,    0) (  10,    0) (   0,   10)
          (   0,    0) (  10,    0) (   0,   10) (   0,    0) (  10,    0) (   0,   10) (   0,    0) (  10,    0) (   0,   10) (   0,    0)
          (  10,    0) (   0,   10) (   0,    0) (  10,    0) (   0,   10) (   0,    0) (  10,    0) (   0,   10) (   0,    0) (  10,    0)
          (   0,   10) (   0,    0) (  10,    0) (   0,   10) (   0,    0) (  10,    0) (   0,   10) (   0,    0) (  10,    0) (   0,   10)
          (   0,    0) (   8,    0) (   0,    9) (   0,    0) (  10,    0) (   0,   10) (   0,    0) (   9,    0) (   0,   10) (   0,    0)
          (   9,    0) (   0,    9) (   0,    0) (   8,    0) (   0,   10) (   0,    0) (   9,    0) (   0,   10) (   0,    0) (   9,    0)
          (   0,    8) (   0,    0) (   9,    0) (   0,    8) (   0,    0) (   9,    0) (   0,    7) (   0,    0) (  10,    0) (   0,    7)
          (   0,    0) (   9,    0) (   0,    8) (   0,    0) (  10,    0) (   0,    8) (   0,    0) (  10,    0) (   0,    8) (   0,    0)
          (   8,    0) (   0,    8) (   0,    0) (  10,    0) (   0,   10) (   0,    0) (  10,    0) (   0,    8) (   0,    0) (  10,    0)
          (   0,   10) (   0,    0) (   0,    0) (   0,    0) (   0,    0) (   0,    0) (   0,    0) (   0,    0) (   0,    0) (   0,    0)
          (   0,    0) (   0,    0) (   0,    0) (   0,    0) (   0,    0) (   0,    0) (   0,    0) (   0,    0) (   0,    0) (   0,    0)
          (   0,    0) (   0,    0) (   0,    0) (   0,    0) (   0,    0) (   0,    0) (   0,    0) (   0,    0) (   0,    0) (   0,    0)
          (   0,    0) (   0,    0) (   0,    0) (   0,    0) (   0,    0) (   0,    0) (   0,    0) (   0,    0) (   0,    0) (   0,    0)
          (   0,    0) (   0,    0) (   0,    0) (   0,    0) (   0,    0) (   0,    0) (   0,    0) (   0,    0) (   0,    0) (   0,    0)
          (   0,    0) (   0,    0) (   0,    0) (   0,    0) (   0,    0) (   0,    0) (   0,    0) (   0,    0) (   0,    0) (   0,    0)
          (   0,    0) (   0,    0) (   0,    0) (   0,    0) (   0,    0) (   0,    0) (   0,    0) (   0,    0) (   0,    0) (   0,    0)
          (   0,    0) (   0,    0) (   0,    0) (   0,    0) (   0,    0) (   0,    0) (   0,    0) (   0,    0) (   0,    0) (   0,    0)
          (   0,    0) (   0,    0) (   0,    0) (   0,    0) (   0,    0) (   0,    0) (   0,    0) (   0,    0) (   0,    0) (   0,    0)
          (   0,    0) (   0,    0) (   0,    0) (   0,    0) (   0,    0) (   0,    0) (   0,    0) (   0,    0) (   0,    0) (   0,    0)
          (   0,    0) (   0,    0) (   0,    0) (   0,    0) (   0,    0) (   0,    0) (   0,    0) (   0,    0) (   0,    0) (   0,    0)
          (   0,    0) (   0,    0) (   0,    0) (   0,    0) (   0,    0) (   0,    0) (   0,    0) (   0,    0) (   0,    0) (   0,    0)
          (   0,    0) (   0,    0) (   0,    0) (   0,    0) (   0,    0) (   0,    0) (   0,    0) (   0,    0) (   0,    0) (   0,    0)
          (   0,    0) (   0,    0) (   0,    0) (   0,    0) (   0,    0) (   0,    0) (   0,    0) (   0,    0) (   0,    0) (   0,    0)
          (   0,    0) (   0,    0) (   0,    0) (   0,    0) (   0,    0) (   0,    0) (   0,    0) (   0,    0) (   0,    0) (   0,    0)
          (   0,    0) (   0,    0) (   0,    0) (   0,    0) (   0,    0) (   0,    0) (   0,    0) (   0,    0) (   0,    0) (   0,    0)
          (   0,    0) (   0,    0) (   0,    0) (   0,    0) (   0,    0) (   0,    0) (   0,    0) (   0,    0) (   0,    0) (   0,    0)
          (   0,    0) (   0,    0) (   0,    0) (   0,    0) (   0,    0) (   0,    0) (   0,    0) (   0,    0) (   0,    0) (   0,    0)
          (   0,    0) (   0,    0) (   0,    0) (   0,    0) (   0,    0) (   0,    0) (   0,    0) (   0,    0) (   0,    0) (   0,    0)
          (   0,    0) (   0,    0) (   0,    0) (   0,    0) (   0,    0) (   0,    0) (   0,    0) (   0,    0) (   0,    0) (   0,    0)
          (   0,    0) (   0,    0) (   0,    0) (   0,    0) (   0,    0) (   0,    0) (   0,    0) (   0,    0) (   0,    0) (   0,    0)
          (   0,    0) (   0,    0) (   0,    0) (   0,    0) (   0,    0) (   0,    0) (   0,    0) (   0,    0) (   0,    0) (   0,    0)
          (   0,    0) (   0,    0) (   0,    0) (   0,    0) (   0,    0) (   0,    0) (   0,    0) (   0,    0) (   0,    0) (   0,    0)
          (   0,    0) (   0,    0) (   0,    0) (   0,    0) (   0,    0) (   0,    0) (   0,    0) (   0,    0) (   0,    0) (   0,    0)
          (   0,    0) (   0,    0) (   0,    0) (   0,    0) (   0,    0) (   0,    0) (   0,    0) (   0,    0) (   0,    0) (   0,    0)
          (   0,    0) (   0,    0) (   0,    0) (   0,    0) (   0,    0) (   0,    0) (   0,    0) (   0,    0) (   0,    0) (   0,    0)
          (   0,    0) (   0,    0) (   0,    0) (   0,    0) (   0,    0) (   0,    0) (   0,    0) (   0,    0) (   0,    0) (   0,    0)
          (   0,    0) (   0,    0) (   0,    0) (   0,    0) (   0,    0) (   0,    0) (   0,    0) (   0,    0) (   0,    0) (   0,    0)
          (   0,    0) (   0,    0) (   0,    0) (   0,    0) (   0,    0) (   0,    0) (   0,    0) (   0,    0) (   0,    0) (   0,    0)
          (   0,    0) (   0,    0) (   0,    0) (   0,    0) (   0,    0) (   0,    0) (   0,    0) (   0,    0) (   0,    0) (   0,    0)
          (   0,    0) (   0,    0) (   0,    0) (   0,    0) (   0,    0) (   0,    0) (   0,    0) (   0,    0) (   0,    0) (   0,    0)
          (   0,    0) (   0,    0) (   0,    0) (   0,    0) (   0,    0) (   0,    0) (   0,    0) (   0,    0) (   0,    0) (   0,    0)
          (   0,    0) (   0,    0) (   0,    0) (   0,    0) (   0,    0) (   0,    0) (   0,    0) (   0,    0) (   0,    0) (   0,    0)
          (   0,    0) (   0,    0) (   0,    0) (   0,    0) (   0,    0) (   0,    0) (   0,    0) (   0,    0) (   0,    0) (   0,    0)
          (   0,    0) (   0,    0) (   0,    0) (   0,    0) (   0,    0) (   0,    0) (   0,    0) (   0,    0) (   0,    0) (   0,    0)
          (   0,    0) (   0,    0) (   0,    0) (   0,    0) (   0,    0) (   0,    0) (   0,    0) (   0,    0) (   0,    0) (   0,    0)
          (   0,    0) (   0,    0) (   0,    0) (   0,    0) (   0,    0) (   0,    0) (   0,    0) (   0,    0) (   0,    0) (   0,    0)
          (   0,    0) (   0,    0) (   0,    0) (   0,    0) (   0,    0) (   0,    0) (   0,    0) (   0,    0) (   0,    0) (   0,    0)
          (   0,    0) (   0,    0) (   0,    0) (   0,    0) (   0,    0) (   0,    0) (   0,    0) (   0,    0) (   0,    0) (   0,    0)
          (   0,    0) (   0,    0) (   0,    0) (   0,    0) (   0,    0) (   0,    0) (   0,    0) (   0,    0) (   0,    0) (   0,    0)
          (   0,    0) (   0,    0) (   0,    0) (   0,    0) (   0,    0) (   0,    0) (   0,    0) (   0,    0) (   0,    0) (   0,    0)
          (   0,    0) (   0,    0) (   0,    0) (   0,    0) (   0,    0) (   0,    0) (   0,    0) (   0,    0) (   0,    0) (   0,    0)
          (   0,    0) (   0,    0) (   0,    0) (   0,    0) (   0,    0) (   0,    0) (   0,    0) (   0,    0) (   0,    0) (   0,    0)
          (   0,    0) (   0,    0) (   0,    0) (   0,    0) (   0,    0) (   0,    0) (   0,    0) (   0,    0) (   0,    0) (   0,    0)
          (   0,    0) (   0,    0) (   0,    0) (   0,    0) (   0,    0) (   0,    0) (   0,    0) (   0,    0) (   0,    0) (   0,    0)
          (   0,    0) (   0,    0) (   0,    0) (   0,    0) (   0,    0) (   0,    0) (   0,    0) (   0,    0) (   0,    0) (   0,    0)
          (   0,    0) (   0,    0) (   0,    0) (   0,    0) (   0,    0) (   0,    0) (   0,    0) (   0,    0) (   0,    0) (   0,    0)
          (   0,    0) (   0,    0) (   0,    0) (   0,    0) (   0,    0) (   0,    0) (   0,    0) (   0,    0) (   0,    0) (   0,    0)
          (   0,    0) (   0,    0) (   0,    0) (   0,    0) (   0,    0) (   0,    0) (   0,    0) (   0,    0) (   0,    0) (   0,    0)
          (   0,    0) (   0,    0) (   0,    0) (   0,    0) (   0,    0) (   0,    0) (   0,    0) (   0,    0) (   0,    0) (   0,    0)
          (   0,    0) (   0,    0) (   0,    0) (   0,    0) (   0,    0) (   0,    0) (   0,    0) (   0,    0) (   0,    0) (   0,    0)
          (   0,    0) (   0,    0) (   0,    0) (   0,    0) (   0,    0) (   0,    0) (   0,    0) (   0,    0) (   0,    0) (   0,    0)
          (   0,    0) (   0,    0) (   0,    0) (   0,    0) (   0,    0) (   0,    0) (   0,    0) (   0,    0) (   0,    0) (   0,    0)
          (   0,    0) (   0,    0) (   0,    0) (   0,    0) (   0,    0) (   0,    0) (   0,    0) (   0,    0) (   0,    0) (   0,    0)
          (   0,    0) (   0,    0) (   0,    0) (   0,    0) (   0,    0) (   0,    0) (   0,    0) (   0,    0) (   0,    0) (   0,    0)
          (   0,    0) (   0,    0) (   0,    0) (   0,    0) (   0,    0) (   0,    0) (   0,    0) (   0,    0) (   0,    0) (   0,    0)
          (   0,    0) (   0,    0) (   0,    0) (   0,    0) (   0,    0) (   0,    0) (   0,    0) (   0,    0) (   0,    0) (   0,    0)
          (   0,    0) (   0,    0) (   0,    0) (   0,    0) (   0,    0) (   0,    0) (   0,    0) (   0,    0) (   0,    0) (   0,    0)
          (   0,    0) (   0,    0) (   0,    0) (   0,    0) (   0,    0) (   0,    0) (   0,    0) (   0,    0) (   0,    0) (   0,    0)
          (   0,    0) (   0,    0) (   0,    0) (   0,    0) (   0,    0) (   0,    0) (   0,    0) (   0,    0) (   0,    0) (   0,    0)
         
node   8 sent_total    288  recv_total    280

node   9  (   0,    0) (   0,    0) (   1,    0) (   0,    0) (   0,    0) (   0,    0) (   0,    0) (   0,    1) (   0,    0) (   0,    0)
          (   0,    1) (   0,    0) (  10,    0) (   0,   10) (   0,    0) (  10,    0) (   0,   10) (   0,    0) (  10,    0) (   0,   10)
          (   0,    0) (  10,    0) (   0,   10) (   0,    0) (  10,    0) (   0,   10) (   0,    0) (  10,    0) (   0,   10) (   0,    0)
          (  10,    0) (   0,   10) (   0,    0) (  10,    0) (   0,   10) (   0,    0) (  10,    0) (   0,   10) (   0,    0) (  10,    0)
          (   0,   10) (   0,    0) (  10,    0) (   0,   10) (   0,    0) (  10,    0) (   0,   10) (   0,    0) (  10,    0) (   0,   10)
          (   0,    0) (   9,    0) (   0,   10) (   0,    0) (   9,    0) (   0,    8) (   0,    0) (  10,    0) (   0,    9) (   0,    0)
          (  10,    0) (   0,    7) (   0,    0) (   9,    0) (   0,    7) (   0,    0) (  10,    0) (   0,    9) (   0,    0) (   8,    0)
          (   0,    9) (   0,    0) (  10,    0) (   0,    9) (   0,    0) (   7,    0) (   0,   10) (   0,    0) (   7,    0) (   0,    9)
          (   0,    0) (   9,    0) (   0,    9) (   0,    0) (   9,    0) (   0,    9) (   0,    0) (   7,    0) (   0,   10) (   0,    0)
          (   9,    0) (   0,    9) (   0,    0) (   9,    0) (   0,    9) (   0,    0) (   9,    0) (   0,    9) (   0,    0) (   9,    0)
          (   0,    9) (   0,    0) (   9,    0) (   0,    9) (   0,    0) (   8,    0) (   0,    7) (   0,    0) (   8,    0) (   0,    9)
          (   0,    0) (   9,    0) (   0,    9) (   0,    0) (   8,    0) (   0,    8) (   0,    0) (   9,    0) (   0,    8) (   0,    0)
          (   8,    0) (   0,    8) (   0,    0) (   7,    0) (   0,    9) (   0,    0) (   8,    0) (   0,    9) (   0,    0) (   8,    0)
          (   0,    7) (   0,    0) (   8,    0) (   0,    8) (   0,    0) (   9,    0) (   0,    8) (   0,    0) (   9,    0) (   0,    9)
          (   0,    0) (   9,    0) (   0,    9) (   0,    0) (   8,    0) (   0,    9) (   0,    0) (   9,    0) (   0,    8) (   0,    0)
          (   9,    0) (   0,    9) (   0,    0) (   9,    0) (   0,    9) (   0,    0) (   9,    0) (   0,    9) (   0,    0) (   9,    0)
          (   0,    7) (   0,    0) (   8,    0) (   0,    9) (   0,    0) (   7,    0) (   0,    7) (   0,    0) (   8,    0) (   0,    7)
          (   0,    0) (   8,    0) (   0,    9) (   0,    0) (   8,    0) (   0,    9) (   0,    0) (   7,    0) (   0,    8) (   0,    0)
          (   8,    0) (   0,    9) (   0,    0) (   8,    0) (   0,    7) (   0,    0) (   9,    0) (   0,    9) (   0,    0) (   7,    0)
          (   0,    9) (   0,    0) (   7,    0) (   0,    8) (   0,    0) (   9,    0) (   0,    8) (   0,    0) (   8,    0) (   0,    8)
          (   0,    0) (   8,    0) (   0,    8) (   0,    0) (   8,    0) (   0,    7) (   0,    0) (   9,    0) (   0,    6) (   0,    0)
          (   7,    0) (   0,    6) (   0,    0) (   8,    0) (   0,    7) (   0,    0) (   9,    0) (   0,    8) (   0,    0) (   8,    0)
          (   0,    8) (   0,    0) (   8,    0) (   0,    9) (   0,    0) (   9,    0) (   0,    6) (   0,    0) (   9,    0) (   0,    7)
          (   0,    0) (   8,    0) (   0,    9) (   0,    0) (   9,    0) (   0,    8) (   0,    0) (   9,    0) (   0,    9) (   0,    0)
          (   9,    0) (   0,    9) (   0,    0) (   8,    0) (   0,    7) (   0,    0) (   8,    0) (   0,    8) (   0,    0) (   8,    0)
          (   0,    9) (   0,    0) (   9,    0) (   0,    8) (   0,    0) (   9,    0) (   0,    9) (   0,    0) (   8,    0) (   0,    9)
          (   0,    0) (   8,    0) (   0,    9) (   0,    0) (   8,    0) (   0,    8) (   0,    0) (   8,    0) (   0,    7) (   0,    0)
          (   7,    0) (   0,    7) (   0,    0) (   8,    0) (   0,    8) (   0,    0) (   8,    0) (   0,    7) (   0,    0) (   9,    0)
          (   0,    9) (   0,    0) (   8,    0) (   0,    8) (   0,    0) (   9,    0) (   0,    8) (   0,    0) (   7,    0) (   0,    7)
          (   0,    0) (   9,    0) (   0,    8) (   0,    0) (   9,    0) (   0,    9) (   0,    0) (   9,    0) (   0,    9) (   0,    0)
          (   7,    0) (   0,    7) (   0,    0) (   9,    0) (   0,    9) (   0,    0) (   9,    0) (   0,    9) (   0,    0) (   9,    0)
          (   0,    9) (   0,    0) (   9,    0) (   0,    9) (   0,    0) (   9,    0) (   0,    9) (   0,    0) (   9,    0) (   0,    9)
          (   0,    0) (   9,    0) (   0,    9) (   0,    0) (   9,    0) (   0,    9) (   0,    0) (   9,    0) (   0,    9) (   0,    0)
          (   9,    0) (   0,    9) (   0,    0) (   9,    0) (   0,    9) (   0,    0) (   9,    0) (   0,    9) (   0,    0) (   9,    0)
          (   0,    9) (   0,    0) (   9,    0) (   0,    9) (   0,    0) (   9,    0) (   0,    9) (   0,    0) (   9,    0) (   0,    9)
          (   0,    0) (   9,    0) (   0,    9) (   0,    0) (   9,    0) (   0,    9) (   0,    0) (   9,    0) (   0,    9) (   0,    0)
          (   9,    0) (   0,    9) (   0,    0) (   9,    0) (   0,    9) (   0,    0) (   9,    0) (   0,    9) (   0,    0) (   9,    0)
          (   0,    9) (   0,    0) (   9,    0) (   0,    9) (   0,    0) (   9,    0) (   0,    9) (   0,    0) (   9,    0) (   0,    9)
          (   0,    0) (   9,    0) (   0,    9) (   0,    0) (   9,    0) (   0,    9) (   0,    0) (   9,    0) (   0,    9) (   0,    0)
          (   9,    0) (   0,    9) (   0,    0) (   9,    0) (   0,    9) (   0,    0) (   9,    0) (   0,    9) (   0,    0) (   9,    0)
          (   0,    9) (   0,    0) (   9,    0) (   0,    9) (   0,    0) (   9,    0) (   0,    9) (   0,    0) (   9,    0) (   0,    9)
          (   0,    0) (   9,    0) (   0,    9) (   0,    0) (   9,    0) (   0,    9) (   0,    0) (   9,    0) (   0,    9) (   0,    0)
          (   9,    0) (   0,    9) (   0,    0) (   9,    0) (   0,    9) (   0,    0) (   9,    0) (   0,    9) (   0,    0) (   9,    0)
          (   0,    9) (   0,    0) (   9,    0) (   0,    9) (   0,    0) (   9,    0) (   0,    9) (   0,    0) (   9,    0) (   0,    9)
          (   0,    0) (   9,    0) (   0,    9) (   0,    0) (   9,    0) (   0,    9) (   0,    0) (   9,    0) (   0,    9) (   0,    0)
          (   9,    0) (   0,    9) (   0,    0) (   9,    0) (   0,    9) (   0,    0) (   9,    0) (   0,    9) (   0,    0) (   9,    0)
          (   0,    9) (   0,    0) (   9,    0) (   0,    9) (   0,    0) (   9,    0) (   0,    9) (   0,    0) (   9,    0) (   0,    9)
          (   0,    0) (   9,    0) (   0,    9) (   0,    0) (   9,    0) (   0,    9) (   0,    0) (   9,    0) (   0,    9) (   0,    0)
          (   9,    0) (   0,    9) (   0,    0) (   9,    0) (   0,    9) (   0,    0) (   9,    0) (   0,    9) (   0,    0) (   9,    0)
          (   0,    9) (   0,    0) (   9,    0) (   0,    9) (   0,    0) (   9,    0) (   0,    9) (   0,    0) (   9,    0) (   0,    9)
          (   0,    0) (   9,    0) (   0,    9) (   0,    0) (   9,    0) (   0,    9) (   0,    0) (   9,    0) (   0,    9) (   0,    0)
          (   9,    0) (   0,    9) (   0,    0) (   9,    0) (   0,    9) (   0,    0) (   9,    0) (   0,    9) (   0,    0) (   9,    0)
          (   0,    9) (   0,    0) (   9,    0) (   0,    9) (   0,    0) (   9,    0) (   0,    9) (   0,    0) (   9,    0) (   0,    9)
          (   0,    0) (   9,    0) (   0,    9) (   0,    0) (   9,    0) (   0,    9) (   0,    0) (   9,    0) (   0,    9) (   0,    0)
          (   9,    0) (   0,    9) (   0,    0) (   9,    0) (   0,    9) (   0,    0) (   9,    0) (   0,    9) (   0,    0) (   9,    0)
          (   0,    9) (   0,    0) (   9,    0) (   0,    9) (   0,    0) (   9,    0) (   0,    9) (   0,    0) (   9,    0) (   0,    9)
          (   0,    0) (   9,    0) (   0,    9) (   0,    0) (   9,    0) (   0,    9) (   0,    0) (   9,    0) (   0,    9) (   0,    0)
          (   9,    0) (   0,    9) (   0,    0) (   9,    0) (   0,    9) (   0,    0) (   9,    0) (   0,    9) (   0,    0) (   9,    0)
          (   0,    9) (   0,    0) (   9,    0) (   0,    9) (   0,    0) (   9,    0) (   0,    9) (   0,    0) (   9,    0) (   0,    9)
          (   0,    0) (   9,    0) (   0,    9) (   0,    0) (   9,    0) (   0,    9) (   0,    0) (   9,    0) (   0,    9) (   0,    0)
          (   9,    0) (   0,    9) (   0,    0) (   9,    0) (   0,    9) (   0,    0) (   9,    0) (   0,    9) (   0,    0) (   9,    0)
          (   0,    9) (   0,    0) (   9,    0) (   0,    9) (   0,    0) (   9,    0) (   0,    9) (   0,    0) (   9,    0) (   0,    9)
          (   0,    0) (   9,    0) (   0,    9) (   0,    0) (   9,    0) (   0,    9) (   0,    0) (   9,    0) (   0,    9) (   0,    0)
          (   9,    0) (   0,    9) (   0,    0) (   9,    0) (   0,    9) (   0,    0) (   9,    0) (   0,    9) (   0,    0) (   9,    0)
          (   0,    9) (   0,    0) (   9,    0) (   0,    9) (   0,    0) (   9,    0) (   0,    9) (   0,    0) (   9,    0) (   0,    9)
          (   0,    0) (   9,    0) (   0,    9) (   0,    0) (   9,    0) (   0,    9) (   0,    0) (   9,    0) (   0,    9) (   0,    0)
          (   9,    0) (   0,    9) (   0,    0) (   9,    0) (   0,    9) (   0,    0) (   9,    0) (   0,    9) (   0,    0) (   9,    0)
          (   0,    9) (   0,    0) (   9,    0) (   0,    9) (   0,    0) (   9,    0) (   0,    9) (   0,    0) (   9,    0) (   0,    9)
          (   0,    0) (   9,    0) (   0,    9) (   0,    0) (   9,    0) (   0,    9) (   0,    0) (   9,    0) (   0,    9) (   0,    0)
          (   9,    0) (   0,    9) (   0,    0) (   9,    0) (   0,    9) (   0,    0) (   9,    0) (   0,    9) (   0,    0) (   9,    0)
         
node   9 sent_total   2032  recv_total   2014

node  10  (   0,    0) (   0,    0) (   1,    0) (   0,    0) (   0,    0) (   0,    0) (   0,    0) (   0,    1) (   0,    0) (   0,    0)
          (   0,    1) (   0,    0) (  10,    0) (   0,   10) (   0,    0) (  10,    0) (   0,   10) (   0,    0) (  10,    0) (   0,   10)
          (   0,    0) (  10,    0) (   0,   10) (   0,    0) (  10,    0) (   0,   10) (   0,    0) (  10,    0) (   0,   10) (   0,    0)
          (  10,    0) (   0,   10) (   0,    0) (  10,    0) (   0,   10) (   0,    0) (  10,    0) (   0,   10) (   0,    0) (  10,    0)
          (   0,   10) (   0,    0) (  10,    0) (   0,   10) (   0,    0) (  10,    0) (   0,   10) (   0,    0) (  10,    0) (   0,   10)
          (   0,    0) (  10,    0) (   0,    9) (   0,    0) (   9,    0) (   0,    9) (   0,    0) (   9,    0) (   0,    7) (   0,    0)
          (   8,    0) (   0,    9) (   0,    0) (   8,    0) (   0,   10) (   0,    0) (  10,    0) (   0,    9) (   0,    0) (   8,    0)
          (   0,    9) (   0,    0) (  10,    0) (   0,   10) (   0,    0) (  10,    0) (   0,    9) (   0,    0) (   7,    0) (   0,    9)
          (   0,    0) (  10,    0) (   0,   10) (   0,    0) (  10,    0) (   0,    9) (   0,    0) (  10,    0) (   0,    9) (   0,    0)
          (   8,    0) (   0,    9) (   0,    0) (   9,    0) (   0,   10) (   0,    0) (  10,    0) (   0,    8) (   0,    0) (   9,    0)
          (   0,    9) (   0,    0) (   9,    0) (   0,    9) (   0,    0) (   9,    0) (   0,    8) (   0,    0) (  10,    0) (   0,    9)
          (   0,    0) (   8,    0) (   0,    8) (   0,    0) (   9,    0) (   0,    8) (   0,    0) (  10,    0) (   0,    7) (   0,    0)
          (   8,    0) (   0,    8) (   0,    0) (   8,    0) (   0,    8) (   0,    0) (   8,    0) (   0,    7) (   0,    0) (   8,    0)
          (   0,    8) (   0,    0) (   9,    0) (   0,    9) (   0,    0) (   7,    0) (   0,    9) (   0,    0) (   9,    0) (   0,    9)
          (   0,    0) (   8,    0) (   0,    9) (   0,    0) (   8,    0) (   0,    5) (   0,    0) (   8,    0) (   0,    8) (   0,    0)
          (   8,    0) (   0,    9) (   0,    0) (   7,    0) (   0,    7) (   0,    0) (   9,    0) (   0,    9) (   0,    0) (   8,    0)
          (   0,    8) (   0,    0) (   9,    0) (   0,    9) (   0,    0) (   9,    0) (   0,    9) (   0,    0) (   9,    0) (   0,    9)
          (   0,    0) (   8,    0) (   0,    9) (   0,    0) (   9,    0) (   0,    8) (   0,    0) (   9,    0) (   0,    8) (   0,    0)
          (   8,    0) (   0,    9) (   0,    0) (   7,    0) (   0,    9) (   0,    0) (   9,    0) (   0,    8) (   0,    0) (   9,    0)
          (   0,    7) (   0,    0) (   6,    0) (   0,    8) (   0,    0) (   9,    0) (   0,    8) (   0,    0) (   6,    0) (   0,    9)
          (   0,    0) (   8,    0) (   0,    8) (   0,    0) (   8,    0) (   0,    9) (   0,    0) (   7,    0) (   0,    8) (   0,    0)
          (   8,    0) (   0,    9) (   0,    0) (   7,    0) (   0,    8) (   0,    0) (   8,    0) (   0,    7) (   0,    0) (   5,    0)
          (   0,    5) (   0,    0) (   9,    0) (   0,    9) (   0,    0) (   7,    0) (   0,    8) (   0,    0) (   8,    0) (   0,    9)
          (   0,    0) (   9,    0) (   0,    8) (   0,    0) (   8,    0) (   0,    9) (   0,    0) (   8,    0) (   0,    8) (   0,    0)
          (   8,    0) (   0,    7) (   0,    0) (   7,    0) (   0,    7) (   0,    0) (   8,    0) (   0,    8) (   0,    0) (   8,    0)
          (   0,    7) (   0,    0) (   8,    0) (   0,    9) (   0,    0) (   7,    0) (   0,    9) (   0,    0) (   8,    0) (   0,    6)
          (   0,    0) (   5,    0) (   0,    9) (   0,    0) (   9,    0) (   0,    9) (   0,    0) (   9,    0) (   0,    9) (   0,    0)
          (   8,    0) (   0,    8) (   0,    0) (   9,    0) (   0,    7) (   0,    0) (   8,    0) (   0,    9) (   0,    0) (   8,    0)
          (   0,    9) (   0,    0) (   8,    0) (   0,    7) (   0,    0) (   8,    0) (   0,    9) (   0,    0) (   7,    0) (   0,    9)
          (   0,    0) (   8,    0) (   0,    8) (   0,    0) (   6,    0) (   0,    7) (   0,    0) (   8,    0) (   0,    9) (   0,    0)
          (   9,    0) (   0,    9) (   0,    0) (   9,    0) (   0,    9) (   0,    0) (   9,    0) (   0,    9) (   0,    0) (   9,    0)
          (   0,    9) (   0,    0) (   9,    0) (   0,    9) (   0,    0) (   9,    0) (   0,    9) (   0,    0) (   9,    0) (   0,    9)
          (   0,    0) (   9,    0) (   0,    9) (   0,    0) (   9,    0) (   0,    9) (   0,    0) (   9,    0) (   0,    9) (   0,    0)
          (   9,    0) (   0,    9) (   0,    0) (   9,    0) (   0,    9) (   0,    0) (   9,    0) (   0,    9) (   0,    0) (   9,    0)
          (   0,    9) (   0,    0) (   9,    0) (   0,    9) (   0,    0) (   9,    0) (   0,    9) (   0,    0) (   9,    0) (   0,    9)
          (   0,    0) (   9,    0) (   0,    9) (   0,    0) (   9,    0) (   0,    9) (   0,    0) (   9,    0) (   0,    9) (   0,    0)
          (   9,    0) (   0,    9) (   0,    0) (   9,    0) (   0,    9) (   0,    0) (   9,    0) (   0,    9) (   0,    0) (   9,    0)
          (   0,    9) (   0,    0) (   9,    0) (   0,    9) (   0,    0) (   9,    0) (   0,    9) (   0,    0) (   9,    0) (   0,    9)
          (   0,    0) (   9,    0) (   0,    9) (   0,    0) (   9,    0) (   0,    9) (   0,    0) (   9,    0) (   0,    9) (   0,    0)
          (   9,    0) (   0,    9) (   0,    0) (   9,    0) (   0,    9) (   0,    0) (   9,    0) (   0,    9) (   0,    0) (   9,    0)
          (   0,    9) (   0,    0) (   9,    0) (   0,    9) (   0,    0) (   9,    0) (   0,    9) (   0,    0) (   9,    0) (   0,    9)
          (   0,    0) (   9,    0) (   0,    9) (   0,    0) (   9,    0) (   0,    9) (   0,    0) (   9,    0) (   0,    9) (   0,    0)
          (   9,    0) (   0,    9) (   0,    0) (   9,    0) (   0,    9) (   0,    0) (   9,    0) (   0,    9) (   0,    0) (   9,    0)
          (   0,    9) (   0,    0) (   9,    0) (   0,    9) (   0,    0) (   9,    0) (   0,    9) (   0,    0) (   9,    0) (   0,    9)
          (   0,    0) (   9,    0) (   0,    9) (   0,    0) (   9,    0) (   0,    9) (   0,    0) (   9,    0) (   0,    9) (   0,    0)
          (   9,    0) (   0,    9) (   0,    0) (   9,    0) (   0,    9) (   0,    0) (   9,    0) (   0,    9) (   0,    0) (   9,    0)
          (   0,    9) (   0,    0) (   9,    0) (   0,    9) (   0,    0) (   9,    0) (   0,    9) (   0,    0) (   9,    0) (   0,    9)
          (   0,    0) (   9,    0) (   0,    9) (   0,    0) (   9,    0) (   0,    9) (   0,    0) (   9,    0) (   0,    9) (   0,    0)
          (   9,    0) (   0,    9) (   0,    0) (   9,    0) (   0,    9) (   0,    0) (   9,    0) (   0,    9) (   0,    0) (   9,    0)
          (   0,    9) (   0,    0) (   9,    0) (   0,    9) (   0,    0) (   9,    0) (   0,    9) (   0,    0) (   9,    0) (   0,    9)
          (   0,    0) (   9,    0) (   0,    9) (   0,    0) (   9,    0) (   0,    9) (   0,    0) (   9,    0) (   0,    9) (   0,    0)
          (   9,    0) (   0,    9) (   0,    0) (   9,    0) (   0,    9) (   0,    0) (   9,    0) (   0,    9) (   0,    0) (   9,    0)
          (   0,    9) (   0,    0) (   9,    0) (   0,    9) (   0,    0) (   9,    0) (   0,    9) (   0,    0) (   9,    0) (   0,    9)
          (   0,    0) (   9,    0) (   0,    9) (   0,    0) (   9,    0) (   0,    9) (   0,    0) (   9,    0) (   0,    9) (   0,    0)
          (   9,    0) (   0,    9) (   0,    0) (   9,    0) (   0,    9) (   0,    0) (   9,    0) (   0,    9) (   0,    0) (   9,    0)
          (   0,    9) (   0,    0) (   9,    0) (   0,    9) (   0,    0) (   9,    0) (   0,    9) (   0,    0) (   9,    0) (   0,    9)
          (   0,    0) (   9,    0) (   0,    9) (   0,    0) (   9,    0) (   0,    9) (   0,    0) (   9,    0) (   0,    9) (   0,    0)
          (   9,    0) (   0,    9) (   0,    0) (   9,    0) (   0,    9) (   0,    0) (   9,    0) (   0,    9) (   0,    0) (   9,    0)
          (   0,    9) (   0,    0) (   9,    0) (   0,    9) (   0,    0) (   9,    0) (   0,    9) (   0,    0) (   9,    0) (   0,    9)
          (   0,    0) (   9,    0) (   0,    9) (   0,    0) (   9,    0) (   0,    9) (   0,    0) (   9,    0) (   0,    9) (   0,    0)
          (   9,    0) (   0,    9) (   0,    0) (   9,    0) (   0,    9) (   0,    0) (   9,    0) (   0,    9) (   0,    0) (   9,    0)
          (   0,    9) (   0,    0) (   9,    0) (   0,    9) (   0,    0) (   9,    0) (   0,    9) (   0,    0) (   9,    0) (   0,    9)
          (   0,    0) (   9,    0) (   0,    9) (   0,    0) (   9,    0) (   0,    9) (   0,    0) (   9,    0) (   0,    9) (   0,    0)
          (   9,    0) (   0,    9) (   0,    0) (   9,    0) (   0,    9) (   0,    0) (   9,    0) (   0,    9) (   0,    0) (   9,    0)
          (   0,    9) (   0,    0) (   9,    0) (   0,    9) (   0,    0) (   9,    0) (   0,    9) (   0,    0) (   9,    0) (   0,    9)
          (   0,    0) (   9,    0) (   0,    9) (   0,    0) (   9,    0) (   0,    9) (   0,    0) (   9,    0) (   0,    9) (   0,    0)
          (   9,    0) (   0,    9) (   0,    0) (   9,    0) (   0,    9) (   0,    0) (   9,    0) (   0,    9) (   0,    0) (   9,    0)
          (   0,    9) (   0,    0) (   9,    0) (   0,    9) (   0,    0) (   9,    0) (   0,    9) (   0,    0) (   9,    0) (   0,    9)
          (   0,    0) (   9,    0) (   0,    9) (   0,    0) (   9,    0) (   0,    9) (   0,    0) (   9,    0) (   0,    9) (   0,    0)
          (   9,    0) (   0,    9) (   0,    0) (   9,    0) (   0,    9) (   0,    0) (   9,    0) (   0,    9) (   0,    0) (   9,    0)
         
node  10 sent_total   2022  recv_total   2022

